[ 21980.762] 
X.Org X Server 1.19.6
Release Date: 2017-12-20
[ 21980.763] X Protocol Version 11, Revision 0
[ 21980.763] Build Operating System: Linux 4.15.0-163-generic x86_64 Ubuntu
[ 21980.763] Current Operating System: Linux 25e7e7411c03 5.4.0-94-generic #106~18.04.1-Ubuntu SMP Fri Jan 7 07:23:53 UTC 2022 x86_64
[ 21980.763] Kernel command line: BOOT_IMAGE=/boot/vmlinuz-5.4.0-94-generic root=UUID=df1b026e-8fd1-433a-b105-72fdafc099ca ro quiet splash vt.handoff=1
[ 21980.763] Build Date: 14 December 2021  04:11:54PM
[ 21980.764] xorg-server 2:1.19.6-1ubuntu4.10 (For technical support please see http://www.ubuntu.com/support) 
[ 21980.764] Current version of pixman: 0.34.0
[ 21980.764] 	Before reporting problems, check http://wiki.x.org
	to make sure that you have the latest version.
[ 21980.764] Markers: (--) probed, (**) from config file, (==) default setting,
	(++) from command line, (!!) notice, (II) informational,
	(WW) warning, (EE) error, (NI) not implemented, (??) unknown.
[ 21980.765] (++) Log file: ".xorgxrdp.21.log", Time: Thu Apr 14 08:08:35 2022
[ 21980.765] (++) Using config file: "/etc/X11/xrdp/xorg.conf"
[ 21980.765] (==) Using system config directory "/usr/share/X11/xorg.conf.d"
[ 21980.766] (==) ServerLayout "X11 Server"
[ 21980.766] (**) |-->Screen "Screen (xrdpdev)" (0)
[ 21980.766] (**) |   |-->Monitor "Monitor"
[ 21980.766] (**) |   |-->Device "Video Card (xrdpdev)"
[ 21980.766] (**) |-->Input Device "xrdpMouse"
[ 21980.766] (**) |-->Input Device "xrdpKeyboard"
[ 21980.766] (**) Option "DontVTSwitch" "on"
[ 21980.766] (**) Option "AutoAddDevices" "off"
[ 21980.766] (**) Not automatically adding devices
[ 21980.766] (==) Automatically enabling devices
[ 21980.766] (==) Automatically adding GPU devices
[ 21980.766] (==) Automatically binding GPU devices
[ 21980.766] (==) Max clients allowed: 256, resource mask: 0x1fffff
[ 21980.766] (WW) The directory "/usr/share/fonts/X11/cyrillic" does not exist.
[ 21980.766] 	Entry deleted from font path.
[ 21980.766] (WW) The directory "/usr/share/fonts/X11/100dpi/" does not exist.
[ 21980.766] 	Entry deleted from font path.
[ 21980.766] (WW) The directory "/usr/share/fonts/X11/75dpi/" does not exist.
[ 21980.766] 	Entry deleted from font path.
[ 21980.766] (WW) The directory "/usr/share/fonts/X11/Type1" does not exist.
[ 21980.766] 	Entry deleted from font path.
[ 21980.766] (WW) The directory "/usr/share/fonts/X11/100dpi" does not exist.
[ 21980.766] 	Entry deleted from font path.
[ 21980.767] (WW) The directory "/usr/share/fonts/X11/75dpi" does not exist.
[ 21980.767] 	Entry deleted from font path.
[ 21980.767] (==) FontPath set to:
	/usr/share/fonts/X11/misc,
	built-ins
[ 21980.767] (==) ModulePath set to "/usr/lib/xorg/modules"
[ 21980.767] (II) Loader magic: 0x55d9b1080020
[ 21980.767] (II) Module ABI versions:
[ 21980.767] 	X.Org ANSI C Emulation: 0.4
[ 21980.767] 	X.Org Video Driver: 23.0
[ 21980.767] 	X.Org XInput driver : 24.1
[ 21980.767] 	X.Org Server Extension : 10.0
[ 21980.767] (EE) dbus-core: error connecting to system bus: org.freedesktop.DBus.Error.FileNotFound (Failed to connect to socket /var/run/dbus/system_bus_socket: No such file or directory)
[ 21980.768] (II) xfree86: Adding drm device (/dev/dri/card0)
[ 21980.770] (--) PCI:*(0:0:2:0) 8086:0102:103c:1495 rev 9, Mem @ 0xfe000000/4194304, 0xd0000000/268435456, I/O @ 0x0000f000/64, BIOS @ 0x????????/131072
[ 21980.770] (II) "glx" will be loaded. This was enabled by default and also specified in the config file.
[ 21980.771] (II) LoadModule: "dbe"
[ 21980.771] (II) Module "dbe" already built-in
[ 21980.771] (II) LoadModule: "ddc"
[ 21980.771] (II) Module "ddc" already built-in
[ 21980.771] (II) LoadModule: "extmod"
[ 21980.771] (II) Module "extmod" already built-in
[ 21980.771] (II) LoadModule: "glx"
[ 21980.771] (II) Loading /usr/lib/xorg/modules/extensions/libglx.so
[ 21980.772] (II) Module glx: vendor="X.Org Foundation"
[ 21980.772] 	compiled for 1.19.6, module version = 1.0.0
[ 21980.772] 	ABI class: X.Org Server Extension, version 10.0
[ 21980.772] (II) LoadModule: "int10"
[ 21980.772] (II) Loading /usr/lib/xorg/modules/libint10.so
[ 21980.772] (II) Module int10: vendor="X.Org Foundation"
[ 21980.772] 	compiled for 1.19.6, module version = 1.0.0
[ 21980.772] 	ABI class: X.Org Video Driver, version 23.0
[ 21980.772] (II) LoadModule: "record"
[ 21980.772] (II) Module "record" already built-in
[ 21980.772] (II) LoadModule: "vbe"
[ 21980.773] (II) Loading /usr/lib/xorg/modules/libvbe.so
[ 21980.773] (II) Module vbe: vendor="X.Org Foundation"
[ 21980.773] 	compiled for 1.19.6, module version = 1.1.0
[ 21980.773] 	ABI class: X.Org Video Driver, version 23.0
[ 21980.773] (II) LoadModule: "xorgxrdp"
[ 21980.773] (II) Loading /usr/lib/xorg/modules/libxorgxrdp.so
[ 21980.773] (II) Module XORGXRDP: vendor="X.Org Foundation"
[ 21980.773] 	compiled for 1.19.6, module version = 1.0.0
[ 21980.773] 	ABI class: X.Org Video Driver, version 23.0
[ 21980.773] xorgxrdpSetup:
[ 21980.773] (II) LoadModule: "fb"
[ 21980.773] (II) Loading /usr/lib/xorg/modules/libfb.so
[ 21980.774] (II) Module fb: vendor="X.Org Foundation"
[ 21980.774] 	compiled for 1.19.6, module version = 1.0.0
[ 21980.774] 	ABI class: X.Org ANSI C Emulation, version 0.4
[ 21980.774] (II) LoadModule: "xrdpdev"
[ 21980.774] (II) Loading /usr/lib/xorg/modules/drivers/xrdpdev_drv.so
[ 21980.774] (II) Module XRDPDEV: vendor="X.Org Foundation"
[ 21980.774] 	compiled for 1.19.6, module version = 1.0.0
[ 21980.774] 	ABI class: X.Org Video Driver, version 23.0
[ 21980.774] xrdpdevSetup:
[ 21980.774] (II) LoadModule: "xrdpmouse"
[ 21980.774] (II) Loading /usr/lib/xorg/modules/input/xrdpmouse_drv.so
[ 21980.775] (II) Module XRDPMOUSE: vendor="X.Org Foundation"
[ 21980.775] 	compiled for 1.19.6, module version = 1.0.0
[ 21980.775] 	Module class: X.Org XInput Driver
[ 21980.775] 	ABI class: X.Org XInput driver, version 24.1
[ 21980.775] rdpmousePlug:
[ 21980.775] (II) LoadModule: "xrdpkeyb"
[ 21980.775] (II) Loading /usr/lib/xorg/modules/input/xrdpkeyb_drv.so
[ 21980.775] (II) Module XRDPKEYB: vendor="X.Org Foundation"
[ 21980.775] 	compiled for 1.19.6, module version = 1.0.0
[ 21980.775] 	Module class: X.Org XInput Driver
[ 21980.775] 	ABI class: X.Org XInput driver, version 24.1
[ 21980.775] rdpkeybPlug:
[ 21980.775] rdpIdentify:
[ 21980.775] (II) XRDPDEV: driver for xrdp: XRDPDEV
[ 21980.776] rdpDriverFunc: op 10
[ 21980.776] (WW) Falling back to old probe method for XRDPDEV
[ 21980.776] rdpProbe:
[ 21980.776] (II) Loading sub module "fb"
[ 21980.776] (II) LoadModule: "fb"
[ 21980.776] (II) Loading /usr/lib/xorg/modules/libfb.so
[ 21980.776] (II) Module fb: vendor="X.Org Foundation"
[ 21980.776] 	compiled for 1.19.6, module version = 1.0.0
[ 21980.776] 	ABI class: X.Org ANSI C Emulation, version 0.4
[ 21980.776] (II) XRDPDEV(0): using default device
[ 21980.776] (WW) VGA arbiter: cannot open kernel arbiter, no multi-card support
[ 21980.776] rdpPreInit:
[ 21980.776] (**) XRDPDEV(0): Depth 24, (--) framebuffer bpp 32
[ 21980.776] (==) XRDPDEV(0): RGB weight 888
[ 21980.776] (==) XRDPDEV(0): Using gamma correction (1.0, 1.0, 1.0)
[ 21980.776] (==) XRDPDEV(0): Default visual is TrueColor
[ 21980.776] (==) XRDPDEV(0): DPI set to (96, 96)
[ 21980.776] (II) XRDPDEV(0): 	mode "640x480" ok
[ 21980.776] (II) XRDPDEV(0): 	mode "800x600" ok
[ 21980.776] (--) XRDPDEV(0): Virtual size is 800x600 (pitch 800)
[ 21980.776] (**) XRDPDEV(0):  Default mode "800x600": 36.0 MHz (scaled from 0.0 MHz), 35.2 kHz, 56.2 Hz
[ 21980.776] (II) XRDPDEV(0): Modeline "800x600"x0.0   36.00  800 824 896 1024  600 601 603 625 +hsync +vsync (35.2 kHz d)
[ 21980.776] (==) Depth 24 pixmap format is 32 bpp
[ 21980.776] rdpScreenInit: virtualX 800 virtualY 600 rgbBits 8 depth 24
[ 21980.777] rdpScreenInit: pfbMemory bytes 1920000
[ 21980.777] rdpScreenInit: pfbMemory 0x7fa83cfff010
[ 21980.777] rdpSimdInit: assigning yuv functions
[ 21980.777] rdpSimdInit: cpuid ax 1 cx 0 return ax 0x000206a7 bx 0x01100800 cx 0x1d9ae3bf dx 0xbfebfbff
[ 21980.777] rdpSimdInit: sse2 amd64 yuv functions assigned
[ 21980.777] rdpXvInit: depth 24
[ 21980.777] (==) XRDPDEV(0): Backing store enabled
[ 21980.778] rdpClientConInit: kill disconnected [0] timeout [0] sec
[ 21980.778] 
[ 21980.778] rdpScreenInit: out
[ 21980.778] (==) RandR enabled
[ 21980.783] (II) SELinux: Disabled on system
[ 21980.783] (II) AIGLX: Screen 0 is not DRI2 capable
[ 21980.783] (EE) AIGLX: reverting to software rendering
[ 21980.835] (II) IGLX: enabled GLX_MESA_copy_sub_buffer
[ 21980.836] (II) IGLX: Loaded and initialized swrast
[ 21980.836] (II) GLX: Initialized DRISWRAST GL provider for screen 0
[ 21980.875] (II) Using input driver 'XRDPMOUSE' for 'xrdpMouse'
[ 21980.875] (**) Option "CorePointer"
[ 21980.875] (**) xrdpMouse: always reports core events
[ 21980.876] rdpmousePreInit: drv 0x55d9b1d14bc0 info 0x55d9b1e57190, flags 0x0
[ 21980.876] (II) XINPUT: Adding extended input device "xrdpMouse" (type: Mouse, id 6)
[ 21980.876] rdpmouseControl: what 0
[ 21980.876] rdpmouseDeviceInit:
[ 21980.876] rdpmouseCtrl:
[ 21980.876] rdpRegisterInputCallback: type 1 proc 0x7fa83d3d8c60
[ 21980.876] (**) xrdpMouse: (accel) keeping acceleration scheme 1
[ 21980.876] (**) xrdpMouse: (accel) acceleration profile 0
[ 21980.876] (**) xrdpMouse: (accel) acceleration factor: 2.000
[ 21980.876] (**) xrdpMouse: (accel) acceleration threshold: 4
[ 21980.877] rdpmouseControl: what 1
[ 21980.877] rdpmouseDeviceOn:
[ 21980.877] (II) Using input driver 'XRDPKEYB' for 'xrdpKeyboard'
[ 21980.877] (**) Option "CoreKeyboard"
[ 21980.877] (**) xrdpKeyboard: always reports core events
[ 21980.877] rdpkeybPreInit: drv 0x55d9b1d038c0 info 0x55d9b1fc7db0, flags 0x0
[ 21980.877] (II) XINPUT: Adding extended input device "xrdpKeyboard" (type: Keyboard, id 7)
[ 21980.877] rdpkeybControl: what 0
[ 21980.877] rdpkeybDeviceInit:
[ 21980.908] rdpkeybChangeKeyboardControl:
[ 21980.909] rdpkeybChangeKeyboardControl: autoRepeat on
[ 21980.909] rdpRegisterInputCallback: type 0 proc 0x7fa83d1d5530
[ 21980.909] rdpkeybControl: what 1
[ 21980.909] rdpkeybDeviceOn:
[ 21980.930] (II) config/udev: Adding drm device (/dev/dri/card0)
[ 21980.930] (II) xfree86: Adding drm device (/dev/dri/card0)
[ 21980.944] rdpSaveScreen:
[ 21980.944] (EE) dbus-core: error connecting to system bus: org.freedesktop.DBus.Error.FileNotFound (Failed to connect to socket /var/run/dbus/system_bus_socket: No such file or directory)
[ 21980.944] rdpDeferredRandR:
[ 21980.944] rdpResizeSession: width 1024 height 768
[ 21980.944]   calling RRScreenSizeSet
[ 21980.944] rdpRRScreenSetSize: width 1024 height 768 mmWidth 271 mmHeight 203
[ 21980.945] rdpRRGetInfo:
[ 21980.945]   screen resized to 1024x768
[ 21980.946]   RRScreenSizeSet ok 1
[ 21980.946] rdpResizeSession: width 1024 height 768
[ 21981.009] rdpInDeferredUpdateCallback:
[ 21981.010] rdpkeybChangeKeyboardControl:
[ 21981.010] rdpkeybChangeKeyboardControl: autoRepeat off
[ 21981.209] rdpRRGetInfo:
[ 21981.579] rdpRRGetInfo:
[ 21981.866] Using O_TMPFILE
