[103578.684] 
X.Org X Server 1.19.6
Release Date: 2017-12-20
[103578.684] X Protocol Version 11, Revision 0
[103578.684] Build Operating System: Linux 4.15.0-163-generic x86_64 Ubuntu
[103578.684] Current Operating System: Linux 4992fc3e5fd5 5.4.0-94-generic #106~18.04.1-Ubuntu SMP Fri Jan 7 07:23:53 UTC 2022 x86_64
[103578.684] Kernel command line: BOOT_IMAGE=/boot/vmlinuz-5.4.0-94-generic root=UUID=df1b026e-8fd1-433a-b105-72fdafc099ca ro quiet splash vt.handoff=1
[103578.684] Build Date: 14 December 2021  04:11:54PM
[103578.684] xorg-server 2:1.19.6-1ubuntu4.10 (For technical support please see http://www.ubuntu.com/support) 
[103578.684] Current version of pixman: 0.34.0
[103578.684] 	Before reporting problems, check http://wiki.x.org
	to make sure that you have the latest version.
[103578.684] Markers: (--) probed, (**) from config file, (==) default setting,
	(++) from command line, (!!) notice, (II) informational,
	(WW) warning, (EE) error, (NI) not implemented, (??) unknown.
[103578.684] (++) Log file: ".xorgxrdp.12.log", Time: Sat Apr 16 04:42:53 2022
[103578.687] (++) Using config file: "/etc/X11/xrdp/xorg.conf"
[103578.687] (==) Using system config directory "/usr/share/X11/xorg.conf.d"
[103578.687] (==) ServerLayout "X11 Server"
[103578.687] (**) |-->Screen "Screen (xrdpdev)" (0)
[103578.687] (**) |   |-->Monitor "Monitor"
[103578.687] (**) |   |-->Device "Video Card (xrdpdev)"
[103578.687] (**) |-->Input Device "xrdpMouse"
[103578.687] (**) |-->Input Device "xrdpKeyboard"
[103578.687] (**) Option "DontVTSwitch" "on"
[103578.687] (**) Option "AutoAddDevices" "off"
[103578.688] (**) Not automatically adding devices
[103578.688] (==) Automatically enabling devices
[103578.688] (==) Automatically adding GPU devices
[103578.688] (==) Automatically binding GPU devices
[103578.688] (==) Max clients allowed: 256, resource mask: 0x1fffff
[103578.688] (WW) The directory "/usr/share/fonts/X11/cyrillic" does not exist.
[103578.688] 	Entry deleted from font path.
[103578.688] (WW) The directory "/usr/share/fonts/X11/100dpi/" does not exist.
[103578.688] 	Entry deleted from font path.
[103578.688] (WW) The directory "/usr/share/fonts/X11/75dpi/" does not exist.
[103578.688] 	Entry deleted from font path.
[103578.688] (WW) The directory "/usr/share/fonts/X11/Type1" does not exist.
[103578.688] 	Entry deleted from font path.
[103578.688] (WW) The directory "/usr/share/fonts/X11/100dpi" does not exist.
[103578.688] 	Entry deleted from font path.
[103578.688] (WW) The directory "/usr/share/fonts/X11/75dpi" does not exist.
[103578.688] 	Entry deleted from font path.
[103578.688] (==) FontPath set to:
	/usr/share/fonts/X11/misc,
	built-ins
[103578.688] (==) ModulePath set to "/usr/lib/xorg/modules"
[103578.688] (II) Loader magic: 0x5625011ca020
[103578.688] (II) Module ABI versions:
[103578.688] 	X.Org ANSI C Emulation: 0.4
[103578.688] 	X.Org Video Driver: 23.0
[103578.688] 	X.Org XInput driver : 24.1
[103578.688] 	X.Org Server Extension : 10.0
[103578.688] (EE) dbus-core: error connecting to system bus: org.freedesktop.DBus.Error.FileNotFound (Failed to connect to socket /var/run/dbus/system_bus_socket: No such file or directory)
[103578.689] (II) xfree86: Adding drm device (/dev/dri/card0)
[103578.698] (--) PCI:*(0:0:2:0) 8086:0102:103c:1495 rev 9, Mem @ 0xfe000000/4194304, 0xd0000000/268435456, I/O @ 0x0000f000/64, BIOS @ 0x????????/131072
[103578.698] (II) "glx" will be loaded. This was enabled by default and also specified in the config file.
[103578.698] (II) LoadModule: "dbe"
[103578.698] (II) Module "dbe" already built-in
[103578.698] (II) LoadModule: "ddc"
[103578.698] (II) Module "ddc" already built-in
[103578.698] (II) LoadModule: "extmod"
[103578.698] (II) Module "extmod" already built-in
[103578.698] (II) LoadModule: "glx"
[103578.698] (II) Loading /usr/lib/xorg/modules/extensions/libglx.so
[103578.699] (II) Module glx: vendor="X.Org Foundation"
[103578.699] 	compiled for 1.19.6, module version = 1.0.0
[103578.699] 	ABI class: X.Org Server Extension, version 10.0
[103578.699] (II) LoadModule: "int10"
[103578.701] (II) Loading /usr/lib/xorg/modules/libint10.so
[103578.701] (II) Module int10: vendor="X.Org Foundation"
[103578.701] 	compiled for 1.19.6, module version = 1.0.0
[103578.701] 	ABI class: X.Org Video Driver, version 23.0
[103578.701] (II) LoadModule: "record"
[103578.701] (II) Module "record" already built-in
[103578.701] (II) LoadModule: "vbe"
[103578.701] (II) Loading /usr/lib/xorg/modules/libvbe.so
[103578.701] (II) Module vbe: vendor="X.Org Foundation"
[103578.701] 	compiled for 1.19.6, module version = 1.1.0
[103578.701] 	ABI class: X.Org Video Driver, version 23.0
[103578.701] (II) LoadModule: "xorgxrdp"
[103578.701] (II) Loading /usr/lib/xorg/modules/libxorgxrdp.so
[103578.701] (II) Module XORGXRDP: vendor="X.Org Foundation"
[103578.702] 	compiled for 1.19.6, module version = 1.0.0
[103578.702] 	ABI class: X.Org Video Driver, version 23.0
[103578.702] xorgxrdpSetup:
[103578.702] (II) LoadModule: "fb"
[103578.702] (II) Loading /usr/lib/xorg/modules/libfb.so
[103578.702] (II) Module fb: vendor="X.Org Foundation"
[103578.702] 	compiled for 1.19.6, module version = 1.0.0
[103578.702] 	ABI class: X.Org ANSI C Emulation, version 0.4
[103578.702] (II) LoadModule: "xrdpdev"
[103578.702] (II) Loading /usr/lib/xorg/modules/drivers/xrdpdev_drv.so
[103578.702] (II) Module XRDPDEV: vendor="X.Org Foundation"
[103578.702] 	compiled for 1.19.6, module version = 1.0.0
[103578.702] 	ABI class: X.Org Video Driver, version 23.0
[103578.702] xrdpdevSetup:
[103578.702] (II) LoadModule: "xrdpmouse"
[103578.703] (II) Loading /usr/lib/xorg/modules/input/xrdpmouse_drv.so
[103578.703] (II) Module XRDPMOUSE: vendor="X.Org Foundation"
[103578.703] 	compiled for 1.19.6, module version = 1.0.0
[103578.703] 	Module class: X.Org XInput Driver
[103578.703] 	ABI class: X.Org XInput driver, version 24.1
[103578.703] rdpmousePlug:
[103578.703] (II) LoadModule: "xrdpkeyb"
[103578.703] (II) Loading /usr/lib/xorg/modules/input/xrdpkeyb_drv.so
[103578.703] (II) Module XRDPKEYB: vendor="X.Org Foundation"
[103578.703] 	compiled for 1.19.6, module version = 1.0.0
[103578.703] 	Module class: X.Org XInput Driver
[103578.703] 	ABI class: X.Org XInput driver, version 24.1
[103578.703] rdpkeybPlug:
[103578.703] rdpIdentify:
[103578.703] (II) XRDPDEV: driver for xrdp: XRDPDEV
[103578.703] rdpDriverFunc: op 10
[103578.703] (WW) Falling back to old probe method for XRDPDEV
[103578.703] rdpProbe:
[103578.703] (II) Loading sub module "fb"
[103578.703] (II) LoadModule: "fb"
[103578.703] (II) Loading /usr/lib/xorg/modules/libfb.so
[103578.703] (II) Module fb: vendor="X.Org Foundation"
[103578.703] 	compiled for 1.19.6, module version = 1.0.0
[103578.703] 	ABI class: X.Org ANSI C Emulation, version 0.4
[103578.703] (II) XRDPDEV(0): using default device
[103578.703] (WW) VGA arbiter: cannot open kernel arbiter, no multi-card support
[103578.703] rdpPreInit:
[103578.706] (**) XRDPDEV(0): Depth 24, (--) framebuffer bpp 32
[103578.706] (==) XRDPDEV(0): RGB weight 888
[103578.706] (==) XRDPDEV(0): Using gamma correction (1.0, 1.0, 1.0)
[103578.706] (==) XRDPDEV(0): Default visual is TrueColor
[103578.706] (==) XRDPDEV(0): DPI set to (96, 96)
[103578.706] (II) XRDPDEV(0): 	mode "640x480" ok
[103578.706] (II) XRDPDEV(0): 	mode "800x600" ok
[103578.706] (--) XRDPDEV(0): Virtual size is 800x600 (pitch 800)
[103578.706] (**) XRDPDEV(0):  Default mode "800x600": 36.0 MHz (scaled from 0.0 MHz), 35.2 kHz, 56.2 Hz
[103578.706] (II) XRDPDEV(0): Modeline "800x600"x0.0   36.00  800 824 896 1024  600 601 603 625 +hsync +vsync (35.2 kHz d)
[103578.706] (==) Depth 24 pixmap format is 32 bpp
[103578.706] rdpScreenInit: virtualX 800 virtualY 600 rgbBits 8 depth 24
[103578.706] rdpScreenInit: pfbMemory bytes 1920000
[103578.707] rdpScreenInit: pfbMemory 0x7f7c6bee5010
[103578.707] rdpSimdInit: assigning yuv functions
[103578.707] rdpSimdInit: cpuid ax 1 cx 0 return ax 0x000206a7 bx 0x01100800 cx 0x1d9ae3bf dx 0xbfebfbff
[103578.707] rdpSimdInit: sse2 amd64 yuv functions assigned
[103578.712] rdpXvInit: depth 24
[103578.712] (==) XRDPDEV(0): Backing store enabled
[103578.712] rdpClientConInit: kill disconnected [0] timeout [0] sec
[103578.712] 
[103578.713] rdpScreenInit: out
[103578.713] (==) RandR enabled
[103578.717] (II) SELinux: Disabled on system
[103578.718] (II) AIGLX: Screen 0 is not DRI2 capable
[103578.718] (EE) AIGLX: reverting to software rendering
[103578.780] (II) IGLX: enabled GLX_MESA_copy_sub_buffer
[103578.781] (II) IGLX: Loaded and initialized swrast
[103578.781] (II) GLX: Initialized DRISWRAST GL provider for screen 0
[103578.853] (II) Using input driver 'XRDPMOUSE' for 'xrdpMouse'
[103578.853] (**) Option "CorePointer"
[103578.853] (**) xrdpMouse: always reports core events
[103578.853] rdpmousePreInit: drv 0x562502cccbc0 info 0x562502e0f4e0, flags 0x0
[103578.853] (II) XINPUT: Adding extended input device "xrdpMouse" (type: Mouse, id 6)
[103578.854] rdpmouseControl: what 0
[103578.854] rdpmouseDeviceInit:
[103578.854] rdpmouseCtrl:
[103578.854] rdpRegisterInputCallback: type 1 proc 0x7f7c6c2bec60
[103578.854] (**) xrdpMouse: (accel) keeping acceleration scheme 1
[103578.854] (**) xrdpMouse: (accel) acceleration profile 0
[103578.854] (**) xrdpMouse: (accel) acceleration factor: 2.000
[103578.854] (**) xrdpMouse: (accel) acceleration threshold: 4
[103578.855] rdpmouseControl: what 1
[103578.855] rdpmouseDeviceOn:
[103578.855] (II) Using input driver 'XRDPKEYB' for 'xrdpKeyboard'
[103578.855] (**) Option "CoreKeyboard"
[103578.855] (**) xrdpKeyboard: always reports core events
[103578.855] rdpkeybPreInit: drv 0x562502cbb8c0 info 0x562502f80100, flags 0x0
[103578.855] (II) XINPUT: Adding extended input device "xrdpKeyboard" (type: Keyboard, id 7)
[103578.855] rdpkeybControl: what 0
[103578.855] rdpkeybDeviceInit:
[103578.890] rdpkeybChangeKeyboardControl:
[103578.890] rdpkeybChangeKeyboardControl: autoRepeat on
[103578.890] rdpRegisterInputCallback: type 0 proc 0x7f7c6c0bb530
[103578.890] rdpkeybControl: what 1
[103578.890] rdpkeybDeviceOn:
[103578.932] (II) config/udev: Adding drm device (/dev/dri/card0)
[103578.932] (II) xfree86: Adding drm device (/dev/dri/card0)
[103578.958] rdpSaveScreen:
[103578.958] (EE) dbus-core: error connecting to system bus: org.freedesktop.DBus.Error.FileNotFound (Failed to connect to socket /var/run/dbus/system_bus_socket: No such file or directory)
[103578.958] rdpDeferredRandR:
[103578.958] rdpResizeSession: width 1024 height 768
[103578.959]   calling RRScreenSizeSet
[103578.959] rdpRRScreenSetSize: width 1024 height 768 mmWidth 271 mmHeight 203
[103578.959] rdpRRGetInfo:
[103578.960]   screen resized to 1024x768
[103578.962]   RRScreenSizeSet ok 1
[103578.962] rdpResizeSession: width 1024 height 768
[103578.990] rdpInDeferredUpdateCallback:
[103578.990] rdpkeybChangeKeyboardControl:
[103578.990] rdpkeybChangeKeyboardControl: autoRepeat off
[103579.012] rdpRRGetInfo:
[103579.209] rdpClientConGotConnection:
[103579.209] rdpClientConGotConnection: g_sck_accept ok new_sck 18
[103579.209] rdpClientConGotConnection: adding only clientCon
[103579.248] rdpClientConProcessMsgVersion: version 0 0 0 1
[103579.249] rdpClientConProcessScreenSizeMsg: set width 1024 height 768 bpp 16
[103579.249] rdpClientConProcessScreenSizeMsg: shmemid 0 shmemptr 0x7f7c6bf3a000
[103579.249] rdpClientConProcessMsgClientInput: invalidate x 0 y 0 cx 1024 cy 768
[103579.307] rdpClientConProcessMsgClientInfo:
[103579.307]   got client info bytes 5744
[103579.307]   jpeg support 0
[103579.307]   offscreen support 0
[103579.307]   offscreen size 0
[103579.307]   offscreen entries 0
[103579.307]   client supports glyph cache but server disabled
[103579.307]   client can not do offscreen to offscreen blits
[103579.307]   client can do new(color) cursor
[103579.307]   client can not do multimon
[103579.307] rdpRRSetRdpOutputs: numCrtcs 0 monitorCount 0
[103579.307] rdpRRSetRdpOutputs: add output 0 left 0 top 0 width 1024 height 768
[103579.308] rdpLoadLayout: keylayout 0x00000409 variant  display 12
[103579.308] rdpkeybChangeKeyboardControl:
[103579.308] rdpkeybChangeKeyboardControl: autoRepeat on
[103579.309] rdpkeybChangeKeyboardControl:
[103579.309] rdpkeybChangeKeyboardControl: autoRepeat on
[103579.409] rdpInDeferredUpdateCallback:
[103579.409] rdpkeybChangeKeyboardControl:
[103579.409] rdpkeybChangeKeyboardControl: autoRepeat off
[103579.409] rdpkeybChangeKeyboardControl:
[103579.409] rdpkeybChangeKeyboardControl: autoRepeat off
[103579.587] Using O_TMPFILE
[103588.968] (EE) dbus-core: error connecting to system bus: org.freedesktop.DBus.Error.FileNotFound (Failed to connect to socket /var/run/dbus/system_bus_socket: No such file or directory)
[103591.232] rdpClientConRecv: g_sck_recv failed(returned 0)
[103591.232] rdpClientConDisconnect:
[103591.232] rdpClientConDisconnect: clientCon removed from dev list
[103591.232] rdpClientConRecvMsg: error
[103591.232] rdpClientConCheck: rdpClientConGotData failed
[103598.976] (EE) dbus-core: error connecting to system bus: org.freedesktop.DBus.Error.FileNotFound (Failed to connect to socket /var/run/dbus/system_bus_socket: No such file or directory)
[103608.984] (EE) dbus-core: error connecting to system bus: org.freedesktop.DBus.Error.FileNotFound (Failed to connect to socket /var/run/dbus/system_bus_socket: No such file or directory)
[103618.994] (EE) dbus-core: error connecting to system bus: org.freedesktop.DBus.Error.FileNotFound (Failed to connect to socket /var/run/dbus/system_bus_socket: No such file or directory)
[103620.109] rdpmouseControl: what 2
[103620.110] rdpmouseDeviceOff:
[103620.110] rdpkeybControl: what 2
[103620.110] rdpkeybDeviceOff:
[103620.112] rdpkeybControl: what 3
[103620.112] rdpkeybUnInit: drv 0x562502cbb8c0 info 0x562502f80100, flags 0x0
[103620.112] rdpUnregisterInputCallback: proc 0x7f7c6c0bb530
[103620.112] rdpmouseControl: what 3
[103620.112] rdpmouseUnInit: drv 0x562502cccbc0 info 0x562502e0f4e0, flags 0x0
[103620.112] rdpUnregisterInputCallback: proc 0x7f7c6c2bec60
[103620.113] rdpCloseScreen:
[103620.113] xorgxrdpDownDown:
[103620.113] xorgxrdpDownDown: 1
[103620.113] rdpClientConDeinit:
[103620.113] rdpClientConDeinit: deleting file /var/run/xrdp/sockdir/xrdp_display_12
[103620.113] rdpClientConDeinit: deleting file /var/run/xrdp/sockdir/xrdp_disconnect_display_12
[103620.114] (II) Server terminated successfully (0). Closing log file.
