[  1278.000] 
X.Org X Server 1.19.6
Release Date: 2017-12-20
[  1278.000] X Protocol Version 11, Revision 0
[  1278.000] Build Operating System: Linux 4.15.0-163-generic x86_64 Ubuntu
[  1278.000] Current Operating System: Linux 1c8c9118f6ca 5.4.0-94-generic #106~18.04.1-Ubuntu SMP Fri Jan 7 07:23:53 UTC 2022 x86_64
[  1278.000] Kernel command line: BOOT_IMAGE=/boot/vmlinuz-5.4.0-94-generic root=UUID=df1b026e-8fd1-433a-b105-72fdafc099ca ro quiet splash vt.handoff=1
[  1278.000] Build Date: 14 December 2021  04:11:54PM
[  1278.000] xorg-server 2:1.19.6-1ubuntu4.10 (For technical support please see http://www.ubuntu.com/support) 
[  1278.000] Current version of pixman: 0.34.0
[  1278.000] 	Before reporting problems, check http://wiki.x.org
	to make sure that you have the latest version.
[  1278.000] Markers: (--) probed, (**) from config file, (==) default setting,
	(++) from command line, (!!) notice, (II) informational,
	(WW) warning, (EE) error, (NI) not implemented, (??) unknown.
[  1278.000] (++) Log file: ".xorgxrdp.15.log", Time: Thu Apr 14 10:27:49 2022
[  1278.001] (++) Using config file: "/etc/X11/xrdp/xorg.conf"
[  1278.001] (==) Using system config directory "/usr/share/X11/xorg.conf.d"
[  1278.001] (==) ServerLayout "X11 Server"
[  1278.001] (**) |-->Screen "Screen (xrdpdev)" (0)
[  1278.001] (**) |   |-->Monitor "Monitor"
[  1278.001] (**) |   |-->Device "Video Card (xrdpdev)"
[  1278.001] (**) |-->Input Device "xrdpMouse"
[  1278.001] (**) |-->Input Device "xrdpKeyboard"
[  1278.001] (**) Option "DontVTSwitch" "on"
[  1278.001] (**) Option "AutoAddDevices" "off"
[  1278.001] (**) Not automatically adding devices
[  1278.001] (==) Automatically enabling devices
[  1278.001] (==) Automatically adding GPU devices
[  1278.001] (==) Automatically binding GPU devices
[  1278.001] (==) Max clients allowed: 256, resource mask: 0x1fffff
[  1278.001] (WW) The directory "/usr/share/fonts/X11/cyrillic" does not exist.
[  1278.001] 	Entry deleted from font path.
[  1278.001] (WW) The directory "/usr/share/fonts/X11/100dpi/" does not exist.
[  1278.001] 	Entry deleted from font path.
[  1278.002] (WW) The directory "/usr/share/fonts/X11/75dpi/" does not exist.
[  1278.002] 	Entry deleted from font path.
[  1278.002] (WW) The directory "/usr/share/fonts/X11/Type1" does not exist.
[  1278.002] 	Entry deleted from font path.
[  1278.002] (WW) The directory "/usr/share/fonts/X11/100dpi" does not exist.
[  1278.002] 	Entry deleted from font path.
[  1278.002] (WW) The directory "/usr/share/fonts/X11/75dpi" does not exist.
[  1278.002] 	Entry deleted from font path.
[  1278.002] (==) FontPath set to:
	/usr/share/fonts/X11/misc,
	built-ins
[  1278.002] (==) ModulePath set to "/usr/lib/xorg/modules"
[  1278.002] (II) Loader magic: 0x5565816f8020
[  1278.002] (II) Module ABI versions:
[  1278.002] 	X.Org ANSI C Emulation: 0.4
[  1278.002] 	X.Org Video Driver: 23.0
[  1278.002] 	X.Org XInput driver : 24.1
[  1278.002] 	X.Org Server Extension : 10.0
[  1278.002] (EE) dbus-core: error connecting to system bus: org.freedesktop.DBus.Error.FileNotFound (Failed to connect to socket /var/run/dbus/system_bus_socket: No such file or directory)
[  1278.003] (II) xfree86: Adding drm device (/dev/dri/card0)
[  1278.006] (--) PCI:*(0:0:2:0) 8086:0102:103c:1495 rev 9, Mem @ 0xfe000000/4194304, 0xd0000000/268435456, I/O @ 0x0000f000/64, BIOS @ 0x????????/131072
[  1278.006] (II) "glx" will be loaded. This was enabled by default and also specified in the config file.
[  1278.006] (II) LoadModule: "dbe"
[  1278.006] (II) Module "dbe" already built-in
[  1278.006] (II) LoadModule: "ddc"
[  1278.006] (II) Module "ddc" already built-in
[  1278.006] (II) LoadModule: "extmod"
[  1278.006] (II) Module "extmod" already built-in
[  1278.006] (II) LoadModule: "glx"
[  1278.006] (II) Loading /usr/lib/xorg/modules/extensions/libglx.so
[  1278.007] (II) Module glx: vendor="X.Org Foundation"
[  1278.007] 	compiled for 1.19.6, module version = 1.0.0
[  1278.007] 	ABI class: X.Org Server Extension, version 10.0
[  1278.007] (II) LoadModule: "int10"
[  1278.008] (II) Loading /usr/lib/xorg/modules/libint10.so
[  1278.008] (II) Module int10: vendor="X.Org Foundation"
[  1278.008] 	compiled for 1.19.6, module version = 1.0.0
[  1278.008] 	ABI class: X.Org Video Driver, version 23.0
[  1278.008] (II) LoadModule: "record"
[  1278.008] (II) Module "record" already built-in
[  1278.008] (II) LoadModule: "vbe"
[  1278.008] (II) Loading /usr/lib/xorg/modules/libvbe.so
[  1278.008] (II) Module vbe: vendor="X.Org Foundation"
[  1278.008] 	compiled for 1.19.6, module version = 1.1.0
[  1278.008] 	ABI class: X.Org Video Driver, version 23.0
[  1278.008] (II) LoadModule: "xorgxrdp"
[  1278.008] (II) Loading /usr/lib/xorg/modules/libxorgxrdp.so
[  1278.008] (II) Module XORGXRDP: vendor="X.Org Foundation"
[  1278.008] 	compiled for 1.19.6, module version = 1.0.0
[  1278.008] 	ABI class: X.Org Video Driver, version 23.0
[  1278.008] xorgxrdpSetup:
[  1278.009] (II) LoadModule: "fb"
[  1278.009] (II) Loading /usr/lib/xorg/modules/libfb.so
[  1278.009] (II) Module fb: vendor="X.Org Foundation"
[  1278.009] 	compiled for 1.19.6, module version = 1.0.0
[  1278.009] 	ABI class: X.Org ANSI C Emulation, version 0.4
[  1278.009] (II) LoadModule: "xrdpdev"
[  1278.009] (II) Loading /usr/lib/xorg/modules/drivers/xrdpdev_drv.so
[  1278.009] (II) Module XRDPDEV: vendor="X.Org Foundation"
[  1278.009] 	compiled for 1.19.6, module version = 1.0.0
[  1278.009] 	ABI class: X.Org Video Driver, version 23.0
[  1278.009] xrdpdevSetup:
[  1278.009] (II) LoadModule: "xrdpmouse"
[  1278.009] (II) Loading /usr/lib/xorg/modules/input/xrdpmouse_drv.so
[  1278.010] (II) Module XRDPMOUSE: vendor="X.Org Foundation"
[  1278.010] 	compiled for 1.19.6, module version = 1.0.0
[  1278.010] 	Module class: X.Org XInput Driver
[  1278.010] 	ABI class: X.Org XInput driver, version 24.1
[  1278.010] rdpmousePlug:
[  1278.010] (II) LoadModule: "xrdpkeyb"
[  1278.010] (II) Loading /usr/lib/xorg/modules/input/xrdpkeyb_drv.so
[  1278.010] (II) Module XRDPKEYB: vendor="X.Org Foundation"
[  1278.010] 	compiled for 1.19.6, module version = 1.0.0
[  1278.010] 	Module class: X.Org XInput Driver
[  1278.010] 	ABI class: X.Org XInput driver, version 24.1
[  1278.010] rdpkeybPlug:
[  1278.010] rdpIdentify:
[  1278.010] (II) XRDPDEV: driver for xrdp: XRDPDEV
[  1278.010] rdpDriverFunc: op 10
[  1278.010] (WW) Falling back to old probe method for XRDPDEV
[  1278.010] rdpProbe:
[  1278.010] (II) Loading sub module "fb"
[  1278.010] (II) LoadModule: "fb"
[  1278.010] (II) Loading /usr/lib/xorg/modules/libfb.so
[  1278.010] (II) Module fb: vendor="X.Org Foundation"
[  1278.010] 	compiled for 1.19.6, module version = 1.0.0
[  1278.010] 	ABI class: X.Org ANSI C Emulation, version 0.4
[  1278.010] (II) XRDPDEV(0): using default device
[  1278.010] (WW) VGA arbiter: cannot open kernel arbiter, no multi-card support
[  1278.010] rdpPreInit:
[  1278.010] (**) XRDPDEV(0): Depth 24, (--) framebuffer bpp 32
[  1278.010] (==) XRDPDEV(0): RGB weight 888
[  1278.010] (==) XRDPDEV(0): Using gamma correction (1.0, 1.0, 1.0)
[  1278.010] (==) XRDPDEV(0): Default visual is TrueColor
[  1278.010] (==) XRDPDEV(0): DPI set to (96, 96)
[  1278.010] (II) XRDPDEV(0): 	mode "640x480" ok
[  1278.010] (II) XRDPDEV(0): 	mode "800x600" ok
[  1278.010] (--) XRDPDEV(0): Virtual size is 800x600 (pitch 800)
[  1278.010] (**) XRDPDEV(0):  Default mode "800x600": 36.0 MHz (scaled from 0.0 MHz), 35.2 kHz, 56.2 Hz
[  1278.010] (II) XRDPDEV(0): Modeline "800x600"x0.0   36.00  800 824 896 1024  600 601 603 625 +hsync +vsync (35.2 kHz d)
[  1278.010] (==) Depth 24 pixmap format is 32 bpp
[  1278.010] rdpScreenInit: virtualX 800 virtualY 600 rgbBits 8 depth 24
[  1278.010] rdpScreenInit: pfbMemory bytes 1920000
[  1278.010] rdpScreenInit: pfbMemory 0x7fcc21e35010
[  1278.010] rdpSimdInit: assigning yuv functions
[  1278.010] rdpSimdInit: cpuid ax 1 cx 0 return ax 0x000206a7 bx 0x00100800 cx 0x1d9ae3bf dx 0xbfebfbff
[  1278.011] rdpSimdInit: sse2 amd64 yuv functions assigned
[  1278.011] rdpXvInit: depth 24
[  1278.011] (==) XRDPDEV(0): Backing store enabled
[  1278.011] rdpClientConInit: kill disconnected [0] timeout [0] sec
[  1278.011] 
[  1278.011] rdpScreenInit: out
[  1278.011] (==) RandR enabled
[  1278.016] (II) SELinux: Disabled on system
[  1278.017] (II) AIGLX: Screen 0 is not DRI2 capable
[  1278.017] (EE) AIGLX: reverting to software rendering
[  1278.064] (II) IGLX: enabled GLX_MESA_copy_sub_buffer
[  1278.065] (II) IGLX: Loaded and initialized swrast
[  1278.065] (II) GLX: Initialized DRISWRAST GL provider for screen 0
[  1278.113] (II) Using input driver 'XRDPMOUSE' for 'xrdpMouse'
[  1278.113] (**) Option "CorePointer"
[  1278.113] (**) xrdpMouse: always reports core events
[  1278.113] rdpmousePreInit: drv 0x556581a4dbc0 info 0x556581b78160, flags 0x0
[  1278.113] (II) XINPUT: Adding extended input device "xrdpMouse" (type: Mouse, id 6)
[  1278.113] rdpmouseControl: what 0
[  1278.114] rdpmouseDeviceInit:
[  1278.114] rdpmouseCtrl:
[  1278.114] rdpRegisterInputCallback: type 1 proc 0x7fcc2220ec60
[  1278.114] (**) xrdpMouse: (accel) keeping acceleration scheme 1
[  1278.114] (**) xrdpMouse: (accel) acceleration profile 0
[  1278.114] (**) xrdpMouse: (accel) acceleration factor: 2.000
[  1278.114] (**) xrdpMouse: (accel) acceleration threshold: 4
[  1278.114] rdpmouseControl: what 1
[  1278.114] rdpmouseDeviceOn:
[  1278.114] (II) Using input driver 'XRDPKEYB' for 'xrdpKeyboard'
[  1278.114] (**) Option "CoreKeyboard"
[  1278.114] (**) xrdpKeyboard: always reports core events
[  1278.114] rdpkeybPreInit: drv 0x556581a3c8c0 info 0x556581d01120, flags 0x0
[  1278.114] (II) XINPUT: Adding extended input device "xrdpKeyboard" (type: Keyboard, id 7)
[  1278.114] rdpkeybControl: what 0
[  1278.114] rdpkeybDeviceInit:
[  1278.146] rdpkeybChangeKeyboardControl:
[  1278.146] rdpkeybChangeKeyboardControl: autoRepeat on
[  1278.146] rdpRegisterInputCallback: type 0 proc 0x7fcc2200b530
[  1278.146] rdpkeybControl: what 1
[  1278.146] rdpkeybDeviceOn:
[  1278.170] (II) config/udev: Adding drm device (/dev/dri/card0)
[  1278.171] (II) xfree86: Adding drm device (/dev/dri/card0)
[  1278.190] rdpSaveScreen:
[  1278.192] (EE) dbus-core: error connecting to system bus: org.freedesktop.DBus.Error.FileNotFound (Failed to connect to socket /var/run/dbus/system_bus_socket: No such file or directory)
[  1278.192] rdpDeferredRandR:
[  1278.193] rdpResizeSession: width 1024 height 768
[  1278.193]   calling RRScreenSizeSet
[  1278.193] rdpRRScreenSetSize: width 1024 height 768 mmWidth 271 mmHeight 203
[  1278.194] rdpRRGetInfo:
[  1278.194]   screen resized to 1024x768
[  1278.196]   RRScreenSizeSet ok 1
[  1278.196] rdpResizeSession: width 1024 height 768
[  1278.247] rdpInDeferredUpdateCallback:
[  1278.247] rdpkeybChangeKeyboardControl:
[  1278.247] rdpkeybChangeKeyboardControl: autoRepeat off
[  1278.462] rdpRRGetInfo:
[  1278.857] rdpRRGetInfo:
[  1279.199] Using O_TMPFILE
