[  1685.624] 
X.Org X Server 1.19.6
Release Date: 2017-12-20
[  1685.624] X Protocol Version 11, Revision 0
[  1685.624] Build Operating System: Linux 4.15.0-163-generic x86_64 Ubuntu
[  1685.624] Current Operating System: Linux 9bb8d7d86a01 5.4.0-94-generic #106~18.04.1-Ubuntu SMP Fri Jan 7 07:23:53 UTC 2022 x86_64
[  1685.624] Kernel command line: BOOT_IMAGE=/boot/vmlinuz-5.4.0-94-generic root=UUID=df1b026e-8fd1-433a-b105-72fdafc099ca ro quiet splash vt.handoff=1
[  1685.624] Build Date: 14 December 2021  04:11:54PM
[  1685.624] xorg-server 2:1.19.6-1ubuntu4.10 (For technical support please see http://www.ubuntu.com/support) 
[  1685.624] Current version of pixman: 0.34.0
[  1685.624] 	Before reporting problems, check http://wiki.x.org
	to make sure that you have the latest version.
[  1685.624] Markers: (--) probed, (**) from config file, (==) default setting,
	(++) from command line, (!!) notice, (II) informational,
	(WW) warning, (EE) error, (NI) not implemented, (??) unknown.
[  1685.624] (++) Log file: ".xorgxrdp.14.log", Time: Thu Apr 14 10:34:37 2022
[  1685.625] (++) Using config file: "/etc/X11/xrdp/xorg.conf"
[  1685.625] (==) Using system config directory "/usr/share/X11/xorg.conf.d"
[  1685.625] (==) ServerLayout "X11 Server"
[  1685.625] (**) |-->Screen "Screen (xrdpdev)" (0)
[  1685.625] (**) |   |-->Monitor "Monitor"
[  1685.625] (**) |   |-->Device "Video Card (xrdpdev)"
[  1685.625] (**) |-->Input Device "xrdpMouse"
[  1685.625] (**) |-->Input Device "xrdpKeyboard"
[  1685.625] (**) Option "DontVTSwitch" "on"
[  1685.625] (**) Option "AutoAddDevices" "off"
[  1685.625] (**) Not automatically adding devices
[  1685.625] (==) Automatically enabling devices
[  1685.625] (==) Automatically adding GPU devices
[  1685.625] (==) Automatically binding GPU devices
[  1685.625] (==) Max clients allowed: 256, resource mask: 0x1fffff
[  1685.625] (WW) The directory "/usr/share/fonts/X11/cyrillic" does not exist.
[  1685.625] 	Entry deleted from font path.
[  1685.625] (WW) The directory "/usr/share/fonts/X11/100dpi/" does not exist.
[  1685.625] 	Entry deleted from font path.
[  1685.625] (WW) The directory "/usr/share/fonts/X11/75dpi/" does not exist.
[  1685.625] 	Entry deleted from font path.
[  1685.625] (WW) The directory "/usr/share/fonts/X11/Type1" does not exist.
[  1685.625] 	Entry deleted from font path.
[  1685.626] (WW) The directory "/usr/share/fonts/X11/100dpi" does not exist.
[  1685.626] 	Entry deleted from font path.
[  1685.626] (WW) The directory "/usr/share/fonts/X11/75dpi" does not exist.
[  1685.626] 	Entry deleted from font path.
[  1685.626] (==) FontPath set to:
	/usr/share/fonts/X11/misc,
	built-ins
[  1685.626] (==) ModulePath set to "/usr/lib/xorg/modules"
[  1685.626] (II) Loader magic: 0x55bb537c1020
[  1685.626] (II) Module ABI versions:
[  1685.626] 	X.Org ANSI C Emulation: 0.4
[  1685.626] 	X.Org Video Driver: 23.0
[  1685.626] 	X.Org XInput driver : 24.1
[  1685.626] 	X.Org Server Extension : 10.0
[  1685.626] (EE) dbus-core: error connecting to system bus: org.freedesktop.DBus.Error.FileNotFound (Failed to connect to socket /var/run/dbus/system_bus_socket: No such file or directory)
[  1685.627] (II) xfree86: Adding drm device (/dev/dri/card0)
[  1685.629] (--) PCI:*(0:0:2:0) 8086:0102:103c:1495 rev 9, Mem @ 0xfe000000/4194304, 0xd0000000/268435456, I/O @ 0x0000f000/64, BIOS @ 0x????????/131072
[  1685.629] (II) "glx" will be loaded. This was enabled by default and also specified in the config file.
[  1685.629] (II) LoadModule: "dbe"
[  1685.630] (II) Module "dbe" already built-in
[  1685.630] (II) LoadModule: "ddc"
[  1685.630] (II) Module "ddc" already built-in
[  1685.630] (II) LoadModule: "extmod"
[  1685.630] (II) Module "extmod" already built-in
[  1685.630] (II) LoadModule: "glx"
[  1685.630] (II) Loading /usr/lib/xorg/modules/extensions/libglx.so
[  1685.642] (II) Module glx: vendor="X.Org Foundation"
[  1685.642] 	compiled for 1.19.6, module version = 1.0.0
[  1685.642] 	ABI class: X.Org Server Extension, version 10.0
[  1685.642] (II) LoadModule: "int10"
[  1685.642] (II) Loading /usr/lib/xorg/modules/libint10.so
[  1685.646] (II) Module int10: vendor="X.Org Foundation"
[  1685.646] 	compiled for 1.19.6, module version = 1.0.0
[  1685.646] 	ABI class: X.Org Video Driver, version 23.0
[  1685.646] (II) LoadModule: "record"
[  1685.646] (II) Module "record" already built-in
[  1685.646] (II) LoadModule: "vbe"
[  1685.647] (II) Loading /usr/lib/xorg/modules/libvbe.so
[  1685.656] (II) Module vbe: vendor="X.Org Foundation"
[  1685.656] 	compiled for 1.19.6, module version = 1.1.0
[  1685.656] 	ABI class: X.Org Video Driver, version 23.0
[  1685.656] (II) LoadModule: "xorgxrdp"
[  1685.656] (II) Loading /usr/lib/xorg/modules/libxorgxrdp.so
[  1685.662] (II) Module XORGXRDP: vendor="X.Org Foundation"
[  1685.662] 	compiled for 1.19.6, module version = 1.0.0
[  1685.662] 	ABI class: X.Org Video Driver, version 23.0
[  1685.662] xorgxrdpSetup:
[  1685.662] (II) LoadModule: "fb"
[  1685.662] (II) Loading /usr/lib/xorg/modules/libfb.so
[  1685.667] (II) Module fb: vendor="X.Org Foundation"
[  1685.667] 	compiled for 1.19.6, module version = 1.0.0
[  1685.667] 	ABI class: X.Org ANSI C Emulation, version 0.4
[  1685.667] (II) LoadModule: "xrdpdev"
[  1685.667] (II) Loading /usr/lib/xorg/modules/drivers/xrdpdev_drv.so
[  1685.668] (II) Module XRDPDEV: vendor="X.Org Foundation"
[  1685.668] 	compiled for 1.19.6, module version = 1.0.0
[  1685.668] 	ABI class: X.Org Video Driver, version 23.0
[  1685.668] xrdpdevSetup:
[  1685.668] (II) LoadModule: "xrdpmouse"
[  1685.668] (II) Loading /usr/lib/xorg/modules/input/xrdpmouse_drv.so
[  1685.669] (II) Module XRDPMOUSE: vendor="X.Org Foundation"
[  1685.669] 	compiled for 1.19.6, module version = 1.0.0
[  1685.669] 	Module class: X.Org XInput Driver
[  1685.669] 	ABI class: X.Org XInput driver, version 24.1
[  1685.669] rdpmousePlug:
[  1685.669] (II) LoadModule: "xrdpkeyb"
[  1685.669] (II) Loading /usr/lib/xorg/modules/input/xrdpkeyb_drv.so
[  1685.680] (II) Module XRDPKEYB: vendor="X.Org Foundation"
[  1685.680] 	compiled for 1.19.6, module version = 1.0.0
[  1685.680] 	Module class: X.Org XInput Driver
[  1685.680] 	ABI class: X.Org XInput driver, version 24.1
[  1685.680] rdpkeybPlug:
[  1685.680] rdpIdentify:
[  1685.680] (II) XRDPDEV: driver for xrdp: XRDPDEV
[  1685.680] rdpDriverFunc: op 10
[  1685.680] (WW) Falling back to old probe method for XRDPDEV
[  1685.680] rdpProbe:
[  1685.680] (II) Loading sub module "fb"
[  1685.680] (II) LoadModule: "fb"
[  1685.681] (II) Loading /usr/lib/xorg/modules/libfb.so
[  1685.681] (II) Module fb: vendor="X.Org Foundation"
[  1685.681] 	compiled for 1.19.6, module version = 1.0.0
[  1685.681] 	ABI class: X.Org ANSI C Emulation, version 0.4
[  1685.681] (II) XRDPDEV(0): using default device
[  1685.681] (WW) VGA arbiter: cannot open kernel arbiter, no multi-card support
[  1685.681] rdpPreInit:
[  1685.681] (**) XRDPDEV(0): Depth 24, (--) framebuffer bpp 32
[  1685.681] (==) XRDPDEV(0): RGB weight 888
[  1685.681] (==) XRDPDEV(0): Using gamma correction (1.0, 1.0, 1.0)
[  1685.681] (==) XRDPDEV(0): Default visual is TrueColor
[  1685.681] (==) XRDPDEV(0): DPI set to (96, 96)
[  1685.681] (II) XRDPDEV(0): 	mode "640x480" ok
[  1685.681] (II) XRDPDEV(0): 	mode "800x600" ok
[  1685.681] (--) XRDPDEV(0): Virtual size is 800x600 (pitch 800)
[  1685.681] (**) XRDPDEV(0):  Default mode "800x600": 36.0 MHz (scaled from 0.0 MHz), 35.2 kHz, 56.2 Hz
[  1685.681] (II) XRDPDEV(0): Modeline "800x600"x0.0   36.00  800 824 896 1024  600 601 603 625 +hsync +vsync (35.2 kHz d)
[  1685.681] (==) Depth 24 pixmap format is 32 bpp
[  1685.681] rdpScreenInit: virtualX 800 virtualY 600 rgbBits 8 depth 24
[  1685.681] rdpScreenInit: pfbMemory bytes 1920000
[  1685.681] rdpScreenInit: pfbMemory 0x7f3d38dee010
[  1685.681] rdpSimdInit: assigning yuv functions
[  1685.681] rdpSimdInit: cpuid ax 1 cx 0 return ax 0x000206a7 bx 0x01100800 cx 0x1d9ae3bf dx 0xbfebfbff
[  1685.681] rdpSimdInit: sse2 amd64 yuv functions assigned
[  1685.681] rdpXvInit: depth 24
[  1685.681] (==) XRDPDEV(0): Backing store enabled
[  1685.681] rdpClientConInit: kill disconnected [0] timeout [0] sec
[  1685.681] 
[  1685.681] rdpScreenInit: out
[  1685.681] (==) RandR enabled
[  1685.686] (II) SELinux: Disabled on system
[  1685.687] (II) AIGLX: Screen 0 is not DRI2 capable
[  1685.687] (EE) AIGLX: reverting to software rendering
[  1685.824] (II) IGLX: enabled GLX_MESA_copy_sub_buffer
[  1685.825] (II) IGLX: Loaded and initialized swrast
[  1685.825] (II) GLX: Initialized DRISWRAST GL provider for screen 0
[  1685.867] (II) Using input driver 'XRDPMOUSE' for 'xrdpMouse'
[  1685.867] (**) Option "CorePointer"
[  1685.867] (**) xrdpMouse: always reports core events
[  1685.868] rdpmousePreInit: drv 0x55bb54af4bc0 info 0x55bb54da5510, flags 0x0
[  1685.868] (II) XINPUT: Adding extended input device "xrdpMouse" (type: Mouse, id 6)
[  1685.868] rdpmouseControl: what 0
[  1685.868] rdpmouseDeviceInit:
[  1685.868] rdpmouseCtrl:
[  1685.868] rdpRegisterInputCallback: type 1 proc 0x7f3d391c7c60
[  1685.868] (**) xrdpMouse: (accel) keeping acceleration scheme 1
[  1685.868] (**) xrdpMouse: (accel) acceleration profile 0
[  1685.868] (**) xrdpMouse: (accel) acceleration factor: 2.000
[  1685.868] (**) xrdpMouse: (accel) acceleration threshold: 4
[  1685.868] rdpmouseControl: what 1
[  1685.868] rdpmouseDeviceOn:
[  1685.868] (II) Using input driver 'XRDPKEYB' for 'xrdpKeyboard'
[  1685.868] (**) Option "CoreKeyboard"
[  1685.868] (**) xrdpKeyboard: always reports core events
[  1685.868] rdpkeybPreInit: drv 0x55bb54ae38c0 info 0x55bb54da80b0, flags 0x0
[  1685.868] (II) XINPUT: Adding extended input device "xrdpKeyboard" (type: Keyboard, id 7)
[  1685.868] rdpkeybControl: what 0
[  1685.868] rdpkeybDeviceInit:
[  1685.899] rdpkeybChangeKeyboardControl:
[  1685.899] rdpkeybChangeKeyboardControl: autoRepeat on
[  1685.899] rdpRegisterInputCallback: type 0 proc 0x7f3d38fc4530
[  1685.899] rdpkeybControl: what 1
[  1685.899] rdpkeybDeviceOn:
[  1685.921] (II) config/udev: Adding drm device (/dev/dri/card0)
[  1685.921] (II) xfree86: Adding drm device (/dev/dri/card0)
[  1685.935] rdpSaveScreen:
[  1685.936] (EE) dbus-core: error connecting to system bus: org.freedesktop.DBus.Error.FileNotFound (Failed to connect to socket /var/run/dbus/system_bus_socket: No such file or directory)
[  1685.936] rdpDeferredRandR:
[  1685.936] rdpResizeSession: width 1024 height 768
[  1685.936]   calling RRScreenSizeSet
[  1685.936] rdpRRScreenSetSize: width 1024 height 768 mmWidth 271 mmHeight 203
[  1685.936] rdpRRGetInfo:
[  1685.936]   screen resized to 1024x768
[  1685.938]   RRScreenSizeSet ok 1
[  1685.938] rdpResizeSession: width 1024 height 768
[  1685.999] rdpInDeferredUpdateCallback:
[  1685.999] rdpkeybChangeKeyboardControl:
[  1685.999] rdpkeybChangeKeyboardControl: autoRepeat off
[  1686.245] rdpRRGetInfo:
[  1686.631] rdpRRGetInfo:
[  1686.850] Using O_TMPFILE
