[ 24133.676] 
X.Org X Server 1.19.6
Release Date: 2017-12-20
[ 24133.676] X Protocol Version 11, Revision 0
[ 24133.676] Build Operating System: Linux 4.15.0-163-generic x86_64 Ubuntu
[ 24133.676] Current Operating System: Linux 072ca5a75428 5.4.0-94-generic #106~18.04.1-Ubuntu SMP Fri Jan 7 07:23:53 UTC 2022 x86_64
[ 24133.676] Kernel command line: BOOT_IMAGE=/boot/vmlinuz-5.4.0-94-generic root=UUID=df1b026e-8fd1-433a-b105-72fdafc099ca ro quiet splash vt.handoff=1
[ 24133.676] Build Date: 14 December 2021  04:11:54PM
[ 24133.676] xorg-server 2:1.19.6-1ubuntu4.10 (For technical support please see http://www.ubuntu.com/support) 
[ 24133.676] Current version of pixman: 0.34.0
[ 24133.676] 	Before reporting problems, check http://wiki.x.org
	to make sure that you have the latest version.
[ 24133.676] Markers: (--) probed, (**) from config file, (==) default setting,
	(++) from command line, (!!) notice, (II) informational,
	(WW) warning, (EE) error, (NI) not implemented, (??) unknown.
[ 24133.676] (++) Log file: ".xorgxrdp.18.log", Time: Thu Apr 14 08:44:27 2022
[ 24133.676] (++) Using config file: "/etc/X11/xrdp/xorg.conf"
[ 24133.677] (==) Using system config directory "/usr/share/X11/xorg.conf.d"
[ 24133.677] (==) ServerLayout "X11 Server"
[ 24133.677] (**) |-->Screen "Screen (xrdpdev)" (0)
[ 24133.677] (**) |   |-->Monitor "Monitor"
[ 24133.677] (**) |   |-->Device "Video Card (xrdpdev)"
[ 24133.677] (**) |-->Input Device "xrdpMouse"
[ 24133.677] (**) |-->Input Device "xrdpKeyboard"
[ 24133.677] (**) Option "DontVTSwitch" "on"
[ 24133.677] (**) Option "AutoAddDevices" "off"
[ 24133.677] (**) Not automatically adding devices
[ 24133.677] (==) Automatically enabling devices
[ 24133.677] (==) Automatically adding GPU devices
[ 24133.677] (==) Automatically binding GPU devices
[ 24133.677] (==) Max clients allowed: 256, resource mask: 0x1fffff
[ 24133.677] (WW) The directory "/usr/share/fonts/X11/cyrillic" does not exist.
[ 24133.677] 	Entry deleted from font path.
[ 24133.677] (WW) The directory "/usr/share/fonts/X11/100dpi/" does not exist.
[ 24133.677] 	Entry deleted from font path.
[ 24133.677] (WW) The directory "/usr/share/fonts/X11/75dpi/" does not exist.
[ 24133.677] 	Entry deleted from font path.
[ 24133.677] (WW) The directory "/usr/share/fonts/X11/Type1" does not exist.
[ 24133.677] 	Entry deleted from font path.
[ 24133.677] (WW) The directory "/usr/share/fonts/X11/100dpi" does not exist.
[ 24133.677] 	Entry deleted from font path.
[ 24133.677] (WW) The directory "/usr/share/fonts/X11/75dpi" does not exist.
[ 24133.677] 	Entry deleted from font path.
[ 24133.677] (==) FontPath set to:
	/usr/share/fonts/X11/misc,
	built-ins
[ 24133.677] (==) ModulePath set to "/usr/lib/xorg/modules"
[ 24133.677] (II) Loader magic: 0x55ee4d6ea020
[ 24133.677] (II) Module ABI versions:
[ 24133.677] 	X.Org ANSI C Emulation: 0.4
[ 24133.677] 	X.Org Video Driver: 23.0
[ 24133.677] 	X.Org XInput driver : 24.1
[ 24133.677] 	X.Org Server Extension : 10.0
[ 24133.678] (EE) dbus-core: error connecting to system bus: org.freedesktop.DBus.Error.FileNotFound (Failed to connect to socket /var/run/dbus/system_bus_socket: No such file or directory)
[ 24133.678] (II) xfree86: Adding drm device (/dev/dri/card0)
[ 24133.680] (--) PCI:*(0:0:2:0) 8086:0102:103c:1495 rev 9, Mem @ 0xfe000000/4194304, 0xd0000000/268435456, I/O @ 0x0000f000/64, BIOS @ 0x????????/131072
[ 24133.680] (II) "glx" will be loaded. This was enabled by default and also specified in the config file.
[ 24133.680] (II) LoadModule: "dbe"
[ 24133.680] (II) Module "dbe" already built-in
[ 24133.680] (II) LoadModule: "ddc"
[ 24133.680] (II) Module "ddc" already built-in
[ 24133.680] (II) LoadModule: "extmod"
[ 24133.680] (II) Module "extmod" already built-in
[ 24133.680] (II) LoadModule: "glx"
[ 24133.681] (II) Loading /usr/lib/xorg/modules/extensions/libglx.so
[ 24133.681] (II) Module glx: vendor="X.Org Foundation"
[ 24133.681] 	compiled for 1.19.6, module version = 1.0.0
[ 24133.681] 	ABI class: X.Org Server Extension, version 10.0
[ 24133.681] (II) LoadModule: "int10"
[ 24133.681] (II) Loading /usr/lib/xorg/modules/libint10.so
[ 24133.682] (II) Module int10: vendor="X.Org Foundation"
[ 24133.682] 	compiled for 1.19.6, module version = 1.0.0
[ 24133.682] 	ABI class: X.Org Video Driver, version 23.0
[ 24133.682] (II) LoadModule: "record"
[ 24133.682] (II) Module "record" already built-in
[ 24133.682] (II) LoadModule: "vbe"
[ 24133.682] (II) Loading /usr/lib/xorg/modules/libvbe.so
[ 24133.682] (II) Module vbe: vendor="X.Org Foundation"
[ 24133.682] 	compiled for 1.19.6, module version = 1.1.0
[ 24133.682] 	ABI class: X.Org Video Driver, version 23.0
[ 24133.682] (II) LoadModule: "xorgxrdp"
[ 24133.682] (II) Loading /usr/lib/xorg/modules/libxorgxrdp.so
[ 24133.682] (II) Module XORGXRDP: vendor="X.Org Foundation"
[ 24133.682] 	compiled for 1.19.6, module version = 1.0.0
[ 24133.682] 	ABI class: X.Org Video Driver, version 23.0
[ 24133.682] xorgxrdpSetup:
[ 24133.682] (II) LoadModule: "fb"
[ 24133.682] (II) Loading /usr/lib/xorg/modules/libfb.so
[ 24133.682] (II) Module fb: vendor="X.Org Foundation"
[ 24133.682] 	compiled for 1.19.6, module version = 1.0.0
[ 24133.682] 	ABI class: X.Org ANSI C Emulation, version 0.4
[ 24133.682] (II) LoadModule: "xrdpdev"
[ 24133.682] (II) Loading /usr/lib/xorg/modules/drivers/xrdpdev_drv.so
[ 24133.682] (II) Module XRDPDEV: vendor="X.Org Foundation"
[ 24133.682] 	compiled for 1.19.6, module version = 1.0.0
[ 24133.682] 	ABI class: X.Org Video Driver, version 23.0
[ 24133.683] xrdpdevSetup:
[ 24133.683] (II) LoadModule: "xrdpmouse"
[ 24133.683] (II) Loading /usr/lib/xorg/modules/input/xrdpmouse_drv.so
[ 24133.683] (II) Module XRDPMOUSE: vendor="X.Org Foundation"
[ 24133.683] 	compiled for 1.19.6, module version = 1.0.0
[ 24133.683] 	Module class: X.Org XInput Driver
[ 24133.683] 	ABI class: X.Org XInput driver, version 24.1
[ 24133.683] rdpmousePlug:
[ 24133.683] (II) LoadModule: "xrdpkeyb"
[ 24133.683] (II) Loading /usr/lib/xorg/modules/input/xrdpkeyb_drv.so
[ 24133.683] (II) Module XRDPKEYB: vendor="X.Org Foundation"
[ 24133.683] 	compiled for 1.19.6, module version = 1.0.0
[ 24133.683] 	Module class: X.Org XInput Driver
[ 24133.683] 	ABI class: X.Org XInput driver, version 24.1
[ 24133.683] rdpkeybPlug:
[ 24133.683] rdpIdentify:
[ 24133.683] (II) XRDPDEV: driver for xrdp: XRDPDEV
[ 24133.683] rdpDriverFunc: op 10
[ 24133.683] (WW) Falling back to old probe method for XRDPDEV
[ 24133.683] rdpProbe:
[ 24133.683] (II) Loading sub module "fb"
[ 24133.683] (II) LoadModule: "fb"
[ 24133.683] (II) Loading /usr/lib/xorg/modules/libfb.so
[ 24133.683] (II) Module fb: vendor="X.Org Foundation"
[ 24133.683] 	compiled for 1.19.6, module version = 1.0.0
[ 24133.683] 	ABI class: X.Org ANSI C Emulation, version 0.4
[ 24133.683] (II) XRDPDEV(0): using default device
[ 24133.683] (WW) VGA arbiter: cannot open kernel arbiter, no multi-card support
[ 24133.683] rdpPreInit:
[ 24133.683] (**) XRDPDEV(0): Depth 24, (--) framebuffer bpp 32
[ 24133.683] (==) XRDPDEV(0): RGB weight 888
[ 24133.683] (==) XRDPDEV(0): Using gamma correction (1.0, 1.0, 1.0)
[ 24133.683] (==) XRDPDEV(0): Default visual is TrueColor
[ 24133.683] (==) XRDPDEV(0): DPI set to (96, 96)
[ 24133.683] (II) XRDPDEV(0): 	mode "640x480" ok
[ 24133.683] (II) XRDPDEV(0): 	mode "800x600" ok
[ 24133.683] (--) XRDPDEV(0): Virtual size is 800x600 (pitch 800)
[ 24133.683] (**) XRDPDEV(0):  Default mode "800x600": 36.0 MHz (scaled from 0.0 MHz), 35.2 kHz, 56.2 Hz
[ 24133.683] (II) XRDPDEV(0): Modeline "800x600"x0.0   36.00  800 824 896 1024  600 601 603 625 +hsync +vsync (35.2 kHz d)
[ 24133.683] (==) Depth 24 pixmap format is 32 bpp
[ 24133.683] rdpScreenInit: virtualX 800 virtualY 600 rgbBits 8 depth 24
[ 24133.683] rdpScreenInit: pfbMemory bytes 1920000
[ 24133.683] rdpScreenInit: pfbMemory 0x7f636bf30010
[ 24133.683] rdpSimdInit: assigning yuv functions
[ 24133.683] rdpSimdInit: cpuid ax 1 cx 0 return ax 0x000206a7 bx 0x01100800 cx 0x1d9ae3bf dx 0xbfebfbff
[ 24133.684] rdpSimdInit: sse2 amd64 yuv functions assigned
[ 24133.684] rdpXvInit: depth 24
[ 24133.684] (==) XRDPDEV(0): Backing store enabled
[ 24133.684] rdpClientConInit: kill disconnected [0] timeout [0] sec
[ 24133.684] 
[ 24133.684] rdpScreenInit: out
[ 24133.684] (==) RandR enabled
[ 24133.687] (II) SELinux: Disabled on system
[ 24133.687] (II) AIGLX: Screen 0 is not DRI2 capable
[ 24133.687] (EE) AIGLX: reverting to software rendering
[ 24133.722] (II) IGLX: enabled GLX_MESA_copy_sub_buffer
[ 24133.723] (II) IGLX: Loaded and initialized swrast
[ 24133.723] (II) GLX: Initialized DRISWRAST GL provider for screen 0
[ 24133.752] (II) Using input driver 'XRDPMOUSE' for 'xrdpMouse'
[ 24133.752] (**) Option "CorePointer"
[ 24133.752] (**) xrdpMouse: always reports core events
[ 24133.752] rdpmousePreInit: drv 0x55ee4ede5bc0 info 0x55ee4f096500, flags 0x0
[ 24133.752] (II) XINPUT: Adding extended input device "xrdpMouse" (type: Mouse, id 6)
[ 24133.752] rdpmouseControl: what 0
[ 24133.752] rdpmouseDeviceInit:
[ 24133.753] rdpmouseCtrl:
[ 24133.753] rdpRegisterInputCallback: type 1 proc 0x7f636c309c60
[ 24133.753] (**) xrdpMouse: (accel) keeping acceleration scheme 1
[ 24133.753] (**) xrdpMouse: (accel) acceleration profile 0
[ 24133.753] (**) xrdpMouse: (accel) acceleration factor: 2.000
[ 24133.753] (**) xrdpMouse: (accel) acceleration threshold: 4
[ 24133.753] rdpmouseControl: what 1
[ 24133.753] rdpmouseDeviceOn:
[ 24133.753] (II) Using input driver 'XRDPKEYB' for 'xrdpKeyboard'
[ 24133.753] (**) Option "CoreKeyboard"
[ 24133.753] (**) xrdpKeyboard: always reports core events
[ 24133.753] rdpkeybPreInit: drv 0x55ee4edd48c0 info 0x55ee4f0990a0, flags 0x0
[ 24133.753] (II) XINPUT: Adding extended input device "xrdpKeyboard" (type: Keyboard, id 7)
[ 24133.753] rdpkeybControl: what 0
[ 24133.753] rdpkeybDeviceInit:
[ 24133.774] rdpkeybChangeKeyboardControl:
[ 24133.774] rdpkeybChangeKeyboardControl: autoRepeat on
[ 24133.774] rdpRegisterInputCallback: type 0 proc 0x7f636c106530
[ 24133.774] rdpkeybControl: what 1
[ 24133.774] rdpkeybDeviceOn:
[ 24133.788] (II) config/udev: Adding drm device (/dev/dri/card0)
[ 24133.788] (II) xfree86: Adding drm device (/dev/dri/card0)
[ 24133.796] rdpSaveScreen:
[ 24133.796] (EE) dbus-core: error connecting to system bus: org.freedesktop.DBus.Error.FileNotFound (Failed to connect to socket /var/run/dbus/system_bus_socket: No such file or directory)
[ 24133.796] rdpDeferredRandR:
[ 24133.796] rdpResizeSession: width 1024 height 768
[ 24133.796]   calling RRScreenSizeSet
[ 24133.796] rdpRRScreenSetSize: width 1024 height 768 mmWidth 271 mmHeight 203
[ 24133.796] rdpRRGetInfo:
[ 24133.796]   screen resized to 1024x768
[ 24133.798]   RRScreenSizeSet ok 1
[ 24133.798] rdpResizeSession: width 1024 height 768
[ 24133.874] rdpInDeferredUpdateCallback:
[ 24133.874] rdpkeybChangeKeyboardControl:
[ 24133.874] rdpkeybChangeKeyboardControl: autoRepeat off
[ 24134.119] rdpRRGetInfo:
[ 24134.370] rdpRRGetInfo:
[ 24134.624] Using O_TMPFILE
