[  1301.441] 
X.Org X Server 1.19.6
Release Date: 2017-12-20
[  1301.441] X Protocol Version 11, Revision 0
[  1301.441] Build Operating System: Linux 4.15.0-163-generic x86_64 Ubuntu
[  1301.441] Current Operating System: Linux 1c8c9118f6ca 5.4.0-94-generic #106~18.04.1-Ubuntu SMP Fri Jan 7 07:23:53 UTC 2022 x86_64
[  1301.441] Kernel command line: BOOT_IMAGE=/boot/vmlinuz-5.4.0-94-generic root=UUID=df1b026e-8fd1-433a-b105-72fdafc099ca ro quiet splash vt.handoff=1
[  1301.442] Build Date: 14 December 2021  04:11:54PM
[  1301.442] xorg-server 2:1.19.6-1ubuntu4.10 (For technical support please see http://www.ubuntu.com/support) 
[  1301.442] Current version of pixman: 0.34.0
[  1301.442] 	Before reporting problems, check http://wiki.x.org
	to make sure that you have the latest version.
[  1301.442] Markers: (--) probed, (**) from config file, (==) default setting,
	(++) from command line, (!!) notice, (II) informational,
	(WW) warning, (EE) error, (NI) not implemented, (??) unknown.
[  1301.442] (++) Log file: ".xorgxrdp.17.log", Time: Thu Apr 14 10:28:13 2022
[  1301.442] (++) Using config file: "/etc/X11/xrdp/xorg.conf"
[  1301.442] (==) Using system config directory "/usr/share/X11/xorg.conf.d"
[  1301.442] (==) ServerLayout "X11 Server"
[  1301.442] (**) |-->Screen "Screen (xrdpdev)" (0)
[  1301.442] (**) |   |-->Monitor "Monitor"
[  1301.443] (**) |   |-->Device "Video Card (xrdpdev)"
[  1301.443] (**) |-->Input Device "xrdpMouse"
[  1301.443] (**) |-->Input Device "xrdpKeyboard"
[  1301.443] (**) Option "DontVTSwitch" "on"
[  1301.443] (**) Option "AutoAddDevices" "off"
[  1301.443] (**) Not automatically adding devices
[  1301.443] (==) Automatically enabling devices
[  1301.443] (==) Automatically adding GPU devices
[  1301.443] (==) Automatically binding GPU devices
[  1301.443] (==) Max clients allowed: 256, resource mask: 0x1fffff
[  1301.443] (WW) The directory "/usr/share/fonts/X11/cyrillic" does not exist.
[  1301.443] 	Entry deleted from font path.
[  1301.443] (WW) The directory "/usr/share/fonts/X11/100dpi/" does not exist.
[  1301.443] 	Entry deleted from font path.
[  1301.443] (WW) The directory "/usr/share/fonts/X11/75dpi/" does not exist.
[  1301.443] 	Entry deleted from font path.
[  1301.443] (WW) The directory "/usr/share/fonts/X11/Type1" does not exist.
[  1301.443] 	Entry deleted from font path.
[  1301.443] (WW) The directory "/usr/share/fonts/X11/100dpi" does not exist.
[  1301.443] 	Entry deleted from font path.
[  1301.443] (WW) The directory "/usr/share/fonts/X11/75dpi" does not exist.
[  1301.443] 	Entry deleted from font path.
[  1301.443] (==) FontPath set to:
	/usr/share/fonts/X11/misc,
	built-ins
[  1301.443] (==) ModulePath set to "/usr/lib/xorg/modules"
[  1301.443] (II) Loader magic: 0x55cc1f6bf020
[  1301.443] (II) Module ABI versions:
[  1301.443] 	X.Org ANSI C Emulation: 0.4
[  1301.443] 	X.Org Video Driver: 23.0
[  1301.443] 	X.Org XInput driver : 24.1
[  1301.443] 	X.Org Server Extension : 10.0
[  1301.443] (EE) dbus-core: error connecting to system bus: org.freedesktop.DBus.Error.FileNotFound (Failed to connect to socket /var/run/dbus/system_bus_socket: No such file or directory)
[  1301.444] (II) xfree86: Adding drm device (/dev/dri/card0)
[  1301.446] (--) PCI:*(0:0:2:0) 8086:0102:103c:1495 rev 9, Mem @ 0xfe000000/4194304, 0xd0000000/268435456, I/O @ 0x0000f000/64, BIOS @ 0x????????/131072
[  1301.447] (II) "glx" will be loaded. This was enabled by default and also specified in the config file.
[  1301.447] (II) LoadModule: "dbe"
[  1301.447] (II) Module "dbe" already built-in
[  1301.447] (II) LoadModule: "ddc"
[  1301.447] (II) Module "ddc" already built-in
[  1301.447] (II) LoadModule: "extmod"
[  1301.447] (II) Module "extmod" already built-in
[  1301.447] (II) LoadModule: "glx"
[  1301.447] (II) Loading /usr/lib/xorg/modules/extensions/libglx.so
[  1301.449] (II) Module glx: vendor="X.Org Foundation"
[  1301.449] 	compiled for 1.19.6, module version = 1.0.0
[  1301.449] 	ABI class: X.Org Server Extension, version 10.0
[  1301.449] (II) LoadModule: "int10"
[  1301.449] (II) Loading /usr/lib/xorg/modules/libint10.so
[  1301.449] (II) Module int10: vendor="X.Org Foundation"
[  1301.449] 	compiled for 1.19.6, module version = 1.0.0
[  1301.449] 	ABI class: X.Org Video Driver, version 23.0
[  1301.449] (II) LoadModule: "record"
[  1301.449] (II) Module "record" already built-in
[  1301.449] (II) LoadModule: "vbe"
[  1301.449] (II) Loading /usr/lib/xorg/modules/libvbe.so
[  1301.449] (II) Module vbe: vendor="X.Org Foundation"
[  1301.449] 	compiled for 1.19.6, module version = 1.1.0
[  1301.449] 	ABI class: X.Org Video Driver, version 23.0
[  1301.449] (II) LoadModule: "xorgxrdp"
[  1301.449] (II) Loading /usr/lib/xorg/modules/libxorgxrdp.so
[  1301.450] (II) Module XORGXRDP: vendor="X.Org Foundation"
[  1301.450] 	compiled for 1.19.6, module version = 1.0.0
[  1301.450] 	ABI class: X.Org Video Driver, version 23.0
[  1301.450] xorgxrdpSetup:
[  1301.450] (II) LoadModule: "fb"
[  1301.450] (II) Loading /usr/lib/xorg/modules/libfb.so
[  1301.450] (II) Module fb: vendor="X.Org Foundation"
[  1301.450] 	compiled for 1.19.6, module version = 1.0.0
[  1301.450] 	ABI class: X.Org ANSI C Emulation, version 0.4
[  1301.450] (II) LoadModule: "xrdpdev"
[  1301.450] (II) Loading /usr/lib/xorg/modules/drivers/xrdpdev_drv.so
[  1301.450] (II) Module XRDPDEV: vendor="X.Org Foundation"
[  1301.450] 	compiled for 1.19.6, module version = 1.0.0
[  1301.450] 	ABI class: X.Org Video Driver, version 23.0
[  1301.450] xrdpdevSetup:
[  1301.450] (II) LoadModule: "xrdpmouse"
[  1301.451] (II) Loading /usr/lib/xorg/modules/input/xrdpmouse_drv.so
[  1301.451] (II) Module XRDPMOUSE: vendor="X.Org Foundation"
[  1301.451] 	compiled for 1.19.6, module version = 1.0.0
[  1301.451] 	Module class: X.Org XInput Driver
[  1301.451] 	ABI class: X.Org XInput driver, version 24.1
[  1301.451] rdpmousePlug:
[  1301.451] (II) LoadModule: "xrdpkeyb"
[  1301.451] (II) Loading /usr/lib/xorg/modules/input/xrdpkeyb_drv.so
[  1301.451] (II) Module XRDPKEYB: vendor="X.Org Foundation"
[  1301.451] 	compiled for 1.19.6, module version = 1.0.0
[  1301.451] 	Module class: X.Org XInput Driver
[  1301.451] 	ABI class: X.Org XInput driver, version 24.1
[  1301.451] rdpkeybPlug:
[  1301.451] rdpIdentify:
[  1301.451] (II) XRDPDEV: driver for xrdp: XRDPDEV
[  1301.451] rdpDriverFunc: op 10
[  1301.451] (WW) Falling back to old probe method for XRDPDEV
[  1301.451] rdpProbe:
[  1301.451] (II) Loading sub module "fb"
[  1301.451] (II) LoadModule: "fb"
[  1301.451] (II) Loading /usr/lib/xorg/modules/libfb.so
[  1301.451] (II) Module fb: vendor="X.Org Foundation"
[  1301.451] 	compiled for 1.19.6, module version = 1.0.0
[  1301.451] 	ABI class: X.Org ANSI C Emulation, version 0.4
[  1301.451] (II) XRDPDEV(0): using default device
[  1301.451] (WW) VGA arbiter: cannot open kernel arbiter, no multi-card support
[  1301.451] rdpPreInit:
[  1301.451] (**) XRDPDEV(0): Depth 24, (--) framebuffer bpp 32
[  1301.451] (==) XRDPDEV(0): RGB weight 888
[  1301.451] (==) XRDPDEV(0): Using gamma correction (1.0, 1.0, 1.0)
[  1301.452] (==) XRDPDEV(0): Default visual is TrueColor
[  1301.452] (==) XRDPDEV(0): DPI set to (96, 96)
[  1301.452] (II) XRDPDEV(0): 	mode "640x480" ok
[  1301.452] (II) XRDPDEV(0): 	mode "800x600" ok
[  1301.452] (--) XRDPDEV(0): Virtual size is 800x600 (pitch 800)
[  1301.452] (**) XRDPDEV(0):  Default mode "800x600": 36.0 MHz (scaled from 0.0 MHz), 35.2 kHz, 56.2 Hz
[  1301.452] (II) XRDPDEV(0): Modeline "800x600"x0.0   36.00  800 824 896 1024  600 601 603 625 +hsync +vsync (35.2 kHz d)
[  1301.452] (==) Depth 24 pixmap format is 32 bpp
[  1301.452] rdpScreenInit: virtualX 800 virtualY 600 rgbBits 8 depth 24
[  1301.452] rdpScreenInit: pfbMemory bytes 1920000
[  1301.452] rdpScreenInit: pfbMemory 0x7f666af9a010
[  1301.452] rdpSimdInit: assigning yuv functions
[  1301.452] rdpSimdInit: cpuid ax 1 cx 0 return ax 0x000206a7 bx 0x02100800 cx 0x1d9ae3bf dx 0xbfebfbff
[  1301.452] rdpSimdInit: sse2 amd64 yuv functions assigned
[  1301.452] rdpXvInit: depth 24
[  1301.452] (==) XRDPDEV(0): Backing store enabled
[  1301.452] rdpClientConInit: kill disconnected [0] timeout [0] sec
[  1301.452] 
[  1301.452] rdpScreenInit: out
[  1301.452] (==) RandR enabled
[  1301.456] (II) SELinux: Disabled on system
[  1301.457] (II) AIGLX: Screen 0 is not DRI2 capable
[  1301.457] (EE) AIGLX: reverting to software rendering
[  1301.496] (II) IGLX: enabled GLX_MESA_copy_sub_buffer
[  1301.497] (II) IGLX: Loaded and initialized swrast
[  1301.497] (II) GLX: Initialized DRISWRAST GL provider for screen 0
[  1301.545] (II) Using input driver 'XRDPMOUSE' for 'xrdpMouse'
[  1301.545] (**) Option "CorePointer"
[  1301.545] (**) xrdpMouse: always reports core events
[  1301.545] rdpmousePreInit: drv 0x55cc1fc94bc0 info 0x55cc1fdbf240, flags 0x0
[  1301.545] (II) XINPUT: Adding extended input device "xrdpMouse" (type: Mouse, id 6)
[  1301.545] rdpmouseControl: what 0
[  1301.545] rdpmouseDeviceInit:
[  1301.545] rdpmouseCtrl:
[  1301.545] rdpRegisterInputCallback: type 1 proc 0x7f666b373c60
[  1301.545] (**) xrdpMouse: (accel) keeping acceleration scheme 1
[  1301.545] (**) xrdpMouse: (accel) acceleration profile 0
[  1301.545] (**) xrdpMouse: (accel) acceleration factor: 2.000
[  1301.545] (**) xrdpMouse: (accel) acceleration threshold: 4
[  1301.545] rdpmouseControl: what 1
[  1301.545] rdpmouseDeviceOn:
[  1301.545] (II) Using input driver 'XRDPKEYB' for 'xrdpKeyboard'
[  1301.545] (**) Option "CoreKeyboard"
[  1301.545] (**) xrdpKeyboard: always reports core events
[  1301.545] rdpkeybPreInit: drv 0x55cc1fc838c0 info 0x55cc1ff481f0, flags 0x0
[  1301.545] (II) XINPUT: Adding extended input device "xrdpKeyboard" (type: Keyboard, id 7)
[  1301.545] rdpkeybControl: what 0
[  1301.545] rdpkeybDeviceInit:
[  1301.569] rdpkeybChangeKeyboardControl:
[  1301.569] rdpkeybChangeKeyboardControl: autoRepeat on
[  1301.569] rdpRegisterInputCallback: type 0 proc 0x7f666b170530
[  1301.569] rdpkeybControl: what 1
[  1301.569] rdpkeybDeviceOn:
[  1301.583] (II) config/udev: Adding drm device (/dev/dri/card0)
[  1301.583] (II) xfree86: Adding drm device (/dev/dri/card0)
[  1301.592] rdpSaveScreen:
[  1301.592] rdpmouseControl: what 2
[  1301.593] rdpmouseDeviceOff:
[  1301.593] rdpkeybControl: what 2
[  1301.593] rdpkeybDeviceOff:
[  1301.594] rdpkeybControl: what 3
[  1301.594] rdpkeybUnInit: drv 0x55cc1fc838c0 info 0x55cc1ff481f0, flags 0x0
[  1301.594] rdpUnregisterInputCallback: proc 0x7f666b170530
[  1301.594] rdpmouseControl: what 3
[  1301.594] rdpmouseUnInit: drv 0x55cc1fc94bc0 info 0x55cc1fdbf240, flags 0x0
[  1301.594] rdpUnregisterInputCallback: proc 0x7f666b373c60
[  1301.595] rdpCloseScreen:
[  1301.595] xorgxrdpDownDown:
[  1301.595] xorgxrdpDownDown: 1
[  1301.595] rdpClientConDeinit:
[  1301.595] rdpClientConDeinit: deleting file /var/run/xrdp/sockdir/xrdp_display_17
[  1301.595] rdpClientConDeinit: deleting file /var/run/xrdp/sockdir/xrdp_disconnect_display_17
[  1301.596] (II) Server terminated successfully (0). Closing log file.
