<!DOCTYPE html PUBLIC "-//W3C//DTD HTML 4.0 Transitional//EN" "http://www.w3.org/TR/REC-html40/loose.dtd">
<?xml version="1.0" encoding="ISO-8859-1"??>
<html>
  <body>
    <enviodte xmlns="http://www.sii.cl/SiiDte" xmlns:xsi="http://www.w3.org/2001/XMLSchema-instance" version="1.0" xsi:schemalocation="http://www.sii.cl/SiiDte EnvioDTE_v10.xsd">
<setdte id="SetDoc">
<caratula version="1.0">
	<rutemisor>86598100-7</rutemisor>
	<rutenvia>6628360-7</rutenvia>
	<rutreceptor>77157982-5</rutreceptor>
	<fchresol>2014-08-22</fchresol>
	<nroresol>80</nroresol>
	<tmstfirmaenv>2020-12-17T13:07:39</tmstfirmaenv>
	<subtotdte>
		<tpodte>34</tpodte>
		<nrodte>1</nrodte>
	</subtotdte>
</caratula>
<dte version="1.0">
	<documento id="F20786T34">
		<encabezado>
			<iddoc>
				<tipodte>34</tipodte>
				<folio>20786</folio>
				<fchemis>2020-12-17</fchemis>
				<tpotranventa>1</tpotranventa>
			</iddoc>
			<emisor>
				<rutemisor>86598100-7</rutemisor>
				<rznsoc>JOHANSSON Y LANGLOIS LIMITADA</rznsoc>
				<giroemis>ASESORIAS EN PROPIEDAD INDUSTRIAL E INTELECTUAL</giroemis>
				<telefono>+5622312424</telefono>
				<acteco>702000</acteco>
				<dirorigen> SAN PIO X 2460 OFICINA 1101</dirorigen>
				<cmnaorigen>PROVIDENCIA</cmnaorigen>
				<ciudadorigen>SANTIAGO</ciudadorigen>
			</emisor>
			<receptor>
				<rutrecep>77157982-5</rutrecep>
				<rznsocrecep>INSTALADOR ELECTRICO AUTORIZADO SEC ALEXANDER ESPINOSA HERNANDEZ E.I.R.L.</rznsocrecep>
				<girorecep>SERVS. DE ELECTRICISTA A DOMICILIO. AT</girorecep>
				<dirrecep>PASAJE EMILIO SANFUENTES 526, LAS CASAS VII</dirrecep>
				<cmnarecep>PUDAHUEL</cmnarecep>
				<ciudadrecep>SANTIAGO</ciudadrecep>
			</receptor>
			<totales>
				<mntexe>290000</mntexe>
				<mnttotal>290000</mnttotal>
			</totales>
		</encabezado>
		<detalle>
			<nrolindet>1</nrolindet>
			<cdgitem>
				<tpocodigo>INT1</tpocodigo>
				<vlrcodigo>1</vlrcodigo>
			</cdgitem>
			<cdgitem>
				<tpocodigo>INT1</tpocodigo>
				<vlrcodigo>MARCAS</vlrcodigo>
			</cdgitem>
			<indexe>1</indexe>
			<nmbitem>ASESORIAS EN PROPIEDAD INDUSTRIAL E INTELECTUAL, SERVICIOS DE MARCAS</nmbitem>
			<dscitem>Honorarios Profesionales  según nuestra(s) nota(s) de cobro detallada(s) 1070470  Presentación de Recurso de Apelación.</dscitem>
			<qtyitem>1</qtyitem>
			<unmditem>UN</unmditem>
			<prcitem>290000</prcitem>
			<montoitem>290000</montoitem>
		</detalle>
	<ted version="1.0"><dd><re>86598100-7</re><td>34</td><f>20786</f><fe>2020-12-17</fe><rr>77157982-5</rr><rsr>INSTALADOR ELECTRICO AUTORIZADO SEC ALEX</rsr><mnt>290000</mnt><it1>ASESORIAS EN PROPIEDAD INDUSTRIAL E INTE</it1><caf version="1.0"><da><re>86598100-7</re><rs>JOHANSSON Y LANGLOIS LIMITADA</rs><td>34</td><rng><d>20450</d><h>21449</h></rng><fa>2020-10-30</fa><rsapk><m>zTUKb5gJy+IpR1b0KBGWOzK6rx4h7a1qSHhih0KUwivOGYh/y5HNHcRMD2cVphUw2VPpLiZbpzxrJzXVWLQLSQ==</m><e>Aw==</e></rsapk><idk>300</idk></da><frma algoritmo="SHA1withRSA">i2imAYz53BaxDeWX6BQIUu4/Rtas4UF282EYVDeC48pK4s36vp5xEr1Tq+1uYcNQhTgkFOxfDQwcP/ufOfjRRQ==</frma></caf><tsted>2020-12-17T12:23:41</tsted></dd><frmt algoritmo="SHA1withRSA">mgS20kR94geGAaRMVzjUNK1sdKY5iH9chYwTgTA0xqR5dVsPAV/cY5tMc4dm+LFbBLw5RjCjJRJcKGieoXQoAg==</frmt></ted><tmstfirma>2020-12-17T12:23:42</tmstfirma></documento>
<signature xmlns="http://www.w3.org/2000/09/xmldsig#"><signedinfo><canonicalizationmethod algorithm="http://www.w3.org/TR/2001/REC-xml-c14n-20010315"></canonicalizationmethod><signaturemethod algorithm="http://www.w3.org/2000/09/xmldsig#rsa-sha1"></signaturemethod><reference uri="#F20786T34"><transforms><transform algorithm="http://www.w3.org/TR/2001/REC-xml-c14n-20010315"></transform></transforms><digestmethod algorithm="http://www.w3.org/2000/09/xmldsig#sha1"></digestmethod><digestvalue>e0mYjgUig88ec/uF/21evU3f4iM=</digestvalue></reference></signedinfo><signaturevalue>ufEngQ0jbbNqJWSbFXsSF+PPtXJy57XeBazClZqL97nE/TnDV2y588xoLf9sJy4lqC+HyffevySY
cl/PcYOgOS1k6F0XTmRCIfgsKW0IKAnUO2dp5SqlOhwGvuI860dTT6pYfhYhkdQGZN3t9VggmW0q
ZRwYoIvMjpqRqfRrXCo=</signaturevalue><keyinfo><keyvalue><rsakeyvalue><modulus>6Aumiz3xUScykDjHySTBlwVGNZYs6xmCq8cNbgHEEY55sEcAIMZ3pWDUga6rz2WN3W5XoZiwcUJT
ARPyJurQue6QFSw2H0JLzkFwMp9n04ErNo/W9RwcouXyJnwg3rkBui66PV+rh/cuIDW8/F0jkZPi
RLV3bIfhEEf8D1Nmdkc=</modulus><exponent>AQAB</exponent></rsakeyvalue></keyvalue><x509data><x509certificate>MIIGOjCCBSKgAwIBAgIKUE1O8AAAAApcfDANBgkqhkiG9w0BAQUFADCB0jELMAkGA1UEBhMCQ0wx
HTAbBgNVBAgTFFJlZ2lvbiBNZXRyb3BvbGl0YW5hMREwDwYDVQQHEwhTYW50aWFnbzEUMBIGA1UE
ChMLRS1DRVJUQ0hJTEUxIDAeBgNVBAsTF0F1dG9yaWRhZCBDZXJ0aWZpY2Fkb3JhMTAwLgYDVQQD
EydFLUNFUlRDSElMRSBDQSBGSVJNQSBFTEVDVFJPTklDQSBTSU1QTEUxJzAlBgkqhkiG9w0BCQEW
GHNjbGllbnRlc0BlLWNlcnRjaGlsZS5jbDAeFw0xODAyMjgxMzIxNDdaFw0yMTAyMjcxMzIxNDda
MIG9MQswCQYDVQQGEwJDTDEjMCEGA1UECBMaTUVUUk9QT0xJVEFOQSBERSBTQU5USUFHTyAxETAP
BgNVBAcTCFNhbnRpYWdvMSEwHwYDVQQKDBhGZWxpcGUgIExhbmdsb2lzIFZpY3XDsWExCjAIBgNV
BAsMASoxITAfBgNVBAMMGEZlbGlwZSAgTGFuZ2xvaXMgVmljdcOxYTEkMCIGCSqGSIb3DQEJARYV
dnRhcGlhQGUtY2VydGNoaWxlLmNsMIGfMA0GCSqGSIb3DQEBAQUAA4GNADCBiQKBgQDoC6aLPfFR
JzKQOMfJJMGXBUY1lizrGYKrxw1uAcQRjnmwRwAgxnelYNSBrqvPZY3dblehmLBxQlMBE/Im6tC5
7pAVLDYfQkvOQXAyn2fTgSs2j9b1HByi5fImfCDeuQG6Lro9X6uH9y4gNbz8XSORk+JEtXdsh+EQ
R/wPU2Z2RwIDAQABo4ICpzCCAqMwPQYJKwYBBAGCNxUHBDAwLgYmKwYBBAGCNxUIgtyDL4WTjGaF
1Z0XguLcJ4Hv7DxhgZrnFYav4BUCAWQCAQQwHQYDVR0OBBYEFAa9+IsLFtdkyx3GYBNGyCU38BdQ
MAsGA1UdDwQEAwIE8DAfBgNVHSMEGDAWgBR44T6f0hKzejyNzTAOU7NDKQezVTA+BgNVHR8ENzA1
MDOgMaAvhi1odHRwOi8vY3JsLmUtY2VydGNoaWxlLmNsL2VjZXJ0Y2hpbGVjYUZFUy5jcmwwOgYI
KwYBBQUHAQEELjAsMCoGCCsGAQUFBzABhh5odHRwOi8vb2NzcC5lY2VydGNoaWxlLmNsL29jc3Aw
IwYDVR0RBBwwGqAYBggrBgEEAcEBAaAMFgowNjYyODM2MC03MCMGA1UdEgQcMBqgGAYIKwYBBAHB
AQKgDBYKOTY5MjgxODAtNTCCAU0GA1UdIASCAUQwggFAMIIBPAYIKwYBBAHDUgUwggEuMC0GCCsG
AQUFBwIBFiFodHRwOi8vd3d3LmUtY2VydGNoaWxlLmNsL0NQUy5odG0wgfwGCCsGAQUFBwICMIHv
HoHsAEMAZQByAHQAaQBmAGkAYwBhAGQAbwAgAEYAaQByAG0AYQAgAFMAaQBtAHAAbABlAC4AIABI
AGEAIABzAGkAZABvACAAdgBhAGwAaQBkAGEAZABvACAAZQBuACAAZgBvAHIAbQBhACAAcAByAGUA
cwBlAG4AYwBpAGEAbAAsACAAcQB1AGUAZABhAG4AZABvACAAaABhAGIAaQBsAGkAdABhAGQAbwAg
AGUAbAAgAEMAZQByAHQAaQBmAGkAYwBhAGQAbwAgAHAAYQByAGEAIAB1AHMAbwAgAHQAcgBpAGIA
dQB0AGEAcgBpAG8wDQYJKoZIhvcNAQEFBQADggEBAJaDyy1sOCeqdcC8Td28SFh9mVF+nDXfKdNZ
uiO0EyzDHAfuvWL0Q6AtAnv+KJzQkaHF8nbGRfjjd7pVhwCS2KkB1h1EDDDqDKruHd1Y2ec+//jP
ixrhHQX0Nm8lz1LLTZB3a+NOMR6fL+DUKp579ja84XYi/6vVtxHNrxzrwFLvwWzOiGUFRlz2ef79
Q9DRTtiS1qdoMT/iYfsVC2Wx56fu41kZb1JYHXr+9QxidzCz8TJaupfjw60xSIv5qSWsF7svEwE3
XyNK8B/5/z9urBQUFXk2PEHcXjo7ZNFGlVBHgMjAzJY+SA7MKLDwYW0hPqfEwmdODhAdvcIA1N/H
EBo=</x509certificate></x509data></keyinfo></signature></dte>
</setdte>
<signature xmlns="http://www.w3.org/2000/09/xmldsig#"><signedinfo><canonicalizationmethod algorithm="http://www.w3.org/TR/2001/REC-xml-c14n-20010315"></canonicalizationmethod><signaturemethod algorithm="http://www.w3.org/2000/09/xmldsig#rsa-sha1"></signaturemethod><reference uri="#SetDoc"><transforms><transform algorithm="http://www.w3.org/TR/2001/REC-xml-c14n-20010315"></transform></transforms><digestmethod algorithm="http://www.w3.org/2000/09/xmldsig#sha1"></digestmethod><digestvalue>7P/l2EfJghfLOOgyOedreNsK3Og=</digestvalue></reference></signedinfo><signaturevalue>lU2sSyQZhi/F/dBNAeGDblQpklO2B6v6zyslZ/zmeE94e5LpjcG/dV3Dh36GAxMXI1goxuCHvC+/
/3ZXobQIbZsXC2LMkMeiGYYfZOTBns+C9cTmb4AHDaJBzdiVtcvpmj1D5rRwSbZuXQQMhHX4MBKS
lfzNQ8/gMjOSGuV/pVY=</signaturevalue><keyinfo><keyvalue><rsakeyvalue><modulus>6Aumiz3xUScykDjHySTBlwVGNZYs6xmCq8cNbgHEEY55sEcAIMZ3pWDUga6rz2WN3W5XoZiwcUJT
ARPyJurQue6QFSw2H0JLzkFwMp9n04ErNo/W9RwcouXyJnwg3rkBui66PV+rh/cuIDW8/F0jkZPi
RLV3bIfhEEf8D1Nmdkc=</modulus><exponent>AQAB</exponent></rsakeyvalue></keyvalue><x509data><x509certificate>MIIGOjCCBSKgAwIBAgIKUE1O8AAAAApcfDANBgkqhkiG9w0BAQUFADCB0jELMAkGA1UEBhMCQ0wx
HTAbBgNVBAgTFFJlZ2lvbiBNZXRyb3BvbGl0YW5hMREwDwYDVQQHEwhTYW50aWFnbzEUMBIGA1UE
ChMLRS1DRVJUQ0hJTEUxIDAeBgNVBAsTF0F1dG9yaWRhZCBDZXJ0aWZpY2Fkb3JhMTAwLgYDVQQD
EydFLUNFUlRDSElMRSBDQSBGSVJNQSBFTEVDVFJPTklDQSBTSU1QTEUxJzAlBgkqhkiG9w0BCQEW
GHNjbGllbnRlc0BlLWNlcnRjaGlsZS5jbDAeFw0xODAyMjgxMzIxNDdaFw0yMTAyMjcxMzIxNDda
MIG9MQswCQYDVQQGEwJDTDEjMCEGA1UECBMaTUVUUk9QT0xJVEFOQSBERSBTQU5USUFHTyAxETAP
BgNVBAcTCFNhbnRpYWdvMSEwHwYDVQQKDBhGZWxpcGUgIExhbmdsb2lzIFZpY3XDsWExCjAIBgNV
BAsMASoxITAfBgNVBAMMGEZlbGlwZSAgTGFuZ2xvaXMgVmljdcOxYTEkMCIGCSqGSIb3DQEJARYV
dnRhcGlhQGUtY2VydGNoaWxlLmNsMIGfMA0GCSqGSIb3DQEBAQUAA4GNADCBiQKBgQDoC6aLPfFR
JzKQOMfJJMGXBUY1lizrGYKrxw1uAcQRjnmwRwAgxnelYNSBrqvPZY3dblehmLBxQlMBE/Im6tC5
7pAVLDYfQkvOQXAyn2fTgSs2j9b1HByi5fImfCDeuQG6Lro9X6uH9y4gNbz8XSORk+JEtXdsh+EQ
R/wPU2Z2RwIDAQABo4ICpzCCAqMwPQYJKwYBBAGCNxUHBDAwLgYmKwYBBAGCNxUIgtyDL4WTjGaF
1Z0XguLcJ4Hv7DxhgZrnFYav4BUCAWQCAQQwHQYDVR0OBBYEFAa9+IsLFtdkyx3GYBNGyCU38BdQ
MAsGA1UdDwQEAwIE8DAfBgNVHSMEGDAWgBR44T6f0hKzejyNzTAOU7NDKQezVTA+BgNVHR8ENzA1
MDOgMaAvhi1odHRwOi8vY3JsLmUtY2VydGNoaWxlLmNsL2VjZXJ0Y2hpbGVjYUZFUy5jcmwwOgYI
KwYBBQUHAQEELjAsMCoGCCsGAQUFBzABhh5odHRwOi8vb2NzcC5lY2VydGNoaWxlLmNsL29jc3Aw
IwYDVR0RBBwwGqAYBggrBgEEAcEBAaAMFgowNjYyODM2MC03MCMGA1UdEgQcMBqgGAYIKwYBBAHB
AQKgDBYKOTY5MjgxODAtNTCCAU0GA1UdIASCAUQwggFAMIIBPAYIKwYBBAHDUgUwggEuMC0GCCsG
AQUFBwIBFiFodHRwOi8vd3d3LmUtY2VydGNoaWxlLmNsL0NQUy5odG0wgfwGCCsGAQUFBwICMIHv
HoHsAEMAZQByAHQAaQBmAGkAYwBhAGQAbwAgAEYAaQByAG0AYQAgAFMAaQBtAHAAbABlAC4AIABI
AGEAIABzAGkAZABvACAAdgBhAGwAaQBkAGEAZABvACAAZQBuACAAZgBvAHIAbQBhACAAcAByAGUA
cwBlAG4AYwBpAGEAbAAsACAAcQB1AGUAZABhAG4AZABvACAAaABhAGIAaQBsAGkAdABhAGQAbwAg
AGUAbAAgAEMAZQByAHQAaQBmAGkAYwBhAGQAbwAgAHAAYQByAGEAIAB1AHMAbwAgAHQAcgBpAGIA
dQB0AGEAcgBpAG8wDQYJKoZIhvcNAQEFBQADggEBAJaDyy1sOCeqdcC8Td28SFh9mVF+nDXfKdNZ
uiO0EyzDHAfuvWL0Q6AtAnv+KJzQkaHF8nbGRfjjd7pVhwCS2KkB1h1EDDDqDKruHd1Y2ec+//jP
ixrhHQX0Nm8lz1LLTZB3a+NOMR6fL+DUKp579ja84XYi/6vVtxHNrxzrwFLvwWzOiGUFRlz2ef79
Q9DRTtiS1qdoMT/iYfsVC2Wx56fu41kZb1JYHXr+9QxidzCz8TJaupfjw60xSIv5qSWsF7svEwE3
XyNK8B/5/z9urBQUFXk2PEHcXjo7ZNFGlVBHgMjAzJY+SA7MKLDwYW0hPqfEwmdODhAdvcIA1N/H
EBo=</x509certificate></x509data></keyinfo></signature></enviodte>
  </body>
</html>
